ERROR - 2022-04-06 19:53:49 --> Cannot delete or update a parent row: a foreign key constraint fails (`db_sidika`.`tb_sasaranpd`, CONSTRAINT `tb_sasaranpd_ibfk_1` FOREIGN KEY (`fr_id_tujuanpd`) REFERENCES `tb_tujuanpd` (`id_tujuanpd`))
CRITICAL - 2022-04-06 19:53:49 --> Cannot delete or update a parent row: a foreign key constraint fails (`db_sidika`.`tb_sasaranpd`, CONSTRAINT `tb_sasaranpd_ibfk_1` FOREIGN KEY (`fr_id_tujuanpd`) REFERENCES `tb_tujuanpd` (`id_tujuanpd`))
#0 C:\xampp\htdocs\siDika\vendor\codeigniter4\framework\system\Database\MySQLi\Connection.php(292): mysqli->query('DELETE FROM `tb...', 0)
#1 C:\xampp\htdocs\siDika\vendor\codeigniter4\framework\system\Database\BaseConnection.php(670): CodeIgniter\Database\MySQLi\Connection->execute('DELETE FROM `tb...')
#2 C:\xampp\htdocs\siDika\vendor\codeigniter4\framework\system\Database\BaseConnection.php(598): CodeIgniter\Database\BaseConnection->simpleQuery('DELETE FROM `tb...')
#3 C:\xampp\htdocs\siDika\vendor\codeigniter4\framework\system\Database\BaseBuilder.php(2213): CodeIgniter\Database\BaseConnection->query('DELETE FROM `tb...', Array, false)
#4 C:\xampp\htdocs\siDika\app\Models\tbtujuanpdModel.php(132): CodeIgniter\Database\BaseBuilder->delete(Array)
#5 C:\xampp\htdocs\siDika\app\Controllers\Entrytujuanpd.php(298): App\Models\tbtujuanpdModel->deletetujuanpdbyid('17')
#6 C:\xampp\htdocs\siDika\vendor\codeigniter4\framework\system\CodeIgniter.php(824): App\Controllers\Entrytujuanpd->hapustujuanpd()
#7 C:\xampp\htdocs\siDika\vendor\codeigniter4\framework\system\CodeIgniter.php(410): CodeIgniter\CodeIgniter->runController(Object(App\Controllers\Entrytujuanpd))
#8 C:\xampp\htdocs\siDika\vendor\codeigniter4\framework\system\CodeIgniter.php(318): CodeIgniter\CodeIgniter->handleRequest(NULL, Object(Config\Cache), false)
#9 C:\xampp\htdocs\siDika\public\index.php(38): CodeIgniter\CodeIgniter->run()
#10 C:\xampp\htdocs\siDika\vendor\codeigniter4\framework\system\Commands\Server\rewrite.php(43): require_once('C:\\xampp\\htdocs...')
#11 {main}
CRITICAL - 2022-04-06 19:54:20 --> syntax error, unexpected token ")"
#0 C:\xampp\htdocs\siDika\vendor\codeigniter4\framework\system\Autoloader\Autoloader.php(241): CodeIgniter\Autoloader\Autoloader->includeFile('C:\\xampp\\htdocs...')
#1 C:\xampp\htdocs\siDika\vendor\codeigniter4\framework\system\Autoloader\Autoloader.php(219): CodeIgniter\Autoloader\Autoloader->loadInNamespace('App\\Controllers...')
#2 [internal function]: CodeIgniter\Autoloader\Autoloader->loadClass('App\\Controllers...')
#3 C:\xampp\htdocs\siDika\vendor\codeigniter4\framework\system\CodeIgniter.php(789): class_exists('\\App\\Controller...', true)
#4 C:\xampp\htdocs\siDika\vendor\codeigniter4\framework\system\CodeIgniter.php(397): CodeIgniter\CodeIgniter->startController()
#5 C:\xampp\htdocs\siDika\vendor\codeigniter4\framework\system\CodeIgniter.php(318): CodeIgniter\CodeIgniter->handleRequest(NULL, Object(Config\Cache), false)
#6 C:\xampp\htdocs\siDika\public\index.php(38): CodeIgniter\CodeIgniter->run()
#7 C:\xampp\htdocs\siDika\vendor\codeigniter4\framework\system\Commands\Server\rewrite.php(43): require_once('C:\\xampp\\htdocs...')
#8 {main}
CRITICAL - 2022-04-06 20:06:05 --> Call to a member function saveindikatorsasaranpd() on null
#0 C:\xampp\htdocs\siDika\vendor\codeigniter4\framework\system\CodeIgniter.php(824): App\Controllers\Entrysasaranpd->saveindikatorsasaranpd()
#1 C:\xampp\htdocs\siDika\vendor\codeigniter4\framework\system\CodeIgniter.php(410): CodeIgniter\CodeIgniter->runController(Object(App\Controllers\Entrysasaranpd))
#2 C:\xampp\htdocs\siDika\vendor\codeigniter4\framework\system\CodeIgniter.php(318): CodeIgniter\CodeIgniter->handleRequest(NULL, Object(Config\Cache), false)
#3 C:\xampp\htdocs\siDika\public\index.php(38): CodeIgniter\CodeIgniter->run()
#4 C:\xampp\htdocs\siDika\vendor\codeigniter4\framework\system\Commands\Server\rewrite.php(43): require_once('C:\\xampp\\htdocs...')
#5 {main}
CRITICAL - 2022-04-06 21:09:24 --> Undefined variable $tujuanpd
#0 C:\xampp\htdocs\siDika\app\Views\entry\tujuanpddetailedit.php(28): CodeIgniter\Debug\Exceptions->errorHandler(2, 'Undefined varia...', 'C:\\xampp\\htdocs...', 28)
#1 C:\xampp\htdocs\siDika\vendor\codeigniter4\framework\system\View\View.php(214): include('C:\\xampp\\htdocs...')
#2 C:\xampp\htdocs\siDika\vendor\codeigniter4\framework\system\View\View.php(217): CodeIgniter\View\View->CodeIgniter\View\{closure}()
#3 C:\xampp\htdocs\siDika\vendor\codeigniter4\framework\system\Common.php(1097): CodeIgniter\View\View->render('entry/tujuanpdd...', Array, true)
#4 C:\xampp\htdocs\siDika\app\Controllers\Entrysasaranpd.php(203): view('entry/tujuanpdd...', Array)
#5 C:\xampp\htdocs\siDika\vendor\codeigniter4\framework\system\CodeIgniter.php(824): App\Controllers\Entrysasaranpd->editsasaranpddetail()
#6 C:\xampp\htdocs\siDika\vendor\codeigniter4\framework\system\CodeIgniter.php(410): CodeIgniter\CodeIgniter->runController(Object(App\Controllers\Entrysasaranpd))
#7 C:\xampp\htdocs\siDika\vendor\codeigniter4\framework\system\CodeIgniter.php(318): CodeIgniter\CodeIgniter->handleRequest(NULL, Object(Config\Cache), false)
#8 C:\xampp\htdocs\siDika\public\index.php(38): CodeIgniter\CodeIgniter->run()
#9 C:\xampp\htdocs\siDika\vendor\codeigniter4\framework\system\Commands\Server\rewrite.php(43): require_once('C:\\xampp\\htdocs...')
#10 {main}
CRITICAL - 2022-04-06 21:12:54 --> Undefined array key "id_tujuanpd_detail"
#0 C:\xampp\htdocs\siDika\app\Views\entry\sasaranpddetailedit.php(70): CodeIgniter\Debug\Exceptions->errorHandler(2, 'Undefined array...', 'C:\\xampp\\htdocs...', 70)
#1 C:\xampp\htdocs\siDika\vendor\codeigniter4\framework\system\View\View.php(214): include('C:\\xampp\\htdocs...')
#2 C:\xampp\htdocs\siDika\vendor\codeigniter4\framework\system\View\View.php(217): CodeIgniter\View\View->CodeIgniter\View\{closure}()
#3 C:\xampp\htdocs\siDika\vendor\codeigniter4\framework\system\Common.php(1097): CodeIgniter\View\View->render('entry/sasaranpd...', Array, true)
#4 C:\xampp\htdocs\siDika\app\Controllers\Entrysasaranpd.php(203): view('entry/sasaranpd...', Array)
#5 C:\xampp\htdocs\siDika\vendor\codeigniter4\framework\system\CodeIgniter.php(824): App\Controllers\Entrysasaranpd->editsasaranpddetail()
#6 C:\xampp\htdocs\siDika\vendor\codeigniter4\framework\system\CodeIgniter.php(410): CodeIgniter\CodeIgniter->runController(Object(App\Controllers\Entrysasaranpd))
#7 C:\xampp\htdocs\siDika\vendor\codeigniter4\framework\system\CodeIgniter.php(318): CodeIgniter\CodeIgniter->handleRequest(NULL, Object(Config\Cache), false)
#8 C:\xampp\htdocs\siDika\public\index.php(38): CodeIgniter\CodeIgniter->run()
#9 C:\xampp\htdocs\siDika\vendor\codeigniter4\framework\system\Commands\Server\rewrite.php(43): require_once('C:\\xampp\\htdocs...')
#10 {main}
