CRITICAL - 2022-11-01 23:22:09 --> Invalid file: App\Views\Auth\loginview.php
#0 /var/www/vhosts/e-pokir.kedirikab.go.id/sidika/vendor/codeigniter4/framework/system/View/View.php(198): CodeIgniter\Exceptions\FrameworkException::forInvalidFile()
#1 /var/www/vhosts/e-pokir.kedirikab.go.id/sidika/vendor/codeigniter4/framework/system/Common.php(1097): CodeIgniter\View\View->render()
#2 /var/www/vhosts/e-pokir.kedirikab.go.id/sidika/vendor/myth/auth/src/Controllers/AuthController.php(402): view()
#3 /var/www/vhosts/e-pokir.kedirikab.go.id/sidika/vendor/myth/auth/src/Controllers/AuthController.php(58): Myth\Auth\Controllers\AuthController->_render()
#4 /var/www/vhosts/e-pokir.kedirikab.go.id/sidika/vendor/codeigniter4/framework/system/CodeIgniter.php(824): Myth\Auth\Controllers\AuthController->login()
#5 /var/www/vhosts/e-pokir.kedirikab.go.id/sidika/vendor/codeigniter4/framework/system/CodeIgniter.php(410): CodeIgniter\CodeIgniter->runController()
#6 /var/www/vhosts/e-pokir.kedirikab.go.id/sidika/vendor/codeigniter4/framework/system/CodeIgniter.php(318): CodeIgniter\CodeIgniter->handleRequest()
#7 /var/www/vhosts/e-pokir.kedirikab.go.id/sidika.e-pokir.kedirikab.go.id/index.php(38): CodeIgniter\CodeIgniter->run()
#8 {main}
CRITICAL - 2022-11-01 23:22:11 --> Invalid file: App\Views\Auth\loginview.php
#0 /var/www/vhosts/e-pokir.kedirikab.go.id/sidika/vendor/codeigniter4/framework/system/View/View.php(198): CodeIgniter\Exceptions\FrameworkException::forInvalidFile()
#1 /var/www/vhosts/e-pokir.kedirikab.go.id/sidika/vendor/codeigniter4/framework/system/Common.php(1097): CodeIgniter\View\View->render()
#2 /var/www/vhosts/e-pokir.kedirikab.go.id/sidika/vendor/myth/auth/src/Controllers/AuthController.php(402): view()
#3 /var/www/vhosts/e-pokir.kedirikab.go.id/sidika/vendor/myth/auth/src/Controllers/AuthController.php(58): Myth\Auth\Controllers\AuthController->_render()
#4 /var/www/vhosts/e-pokir.kedirikab.go.id/sidika/vendor/codeigniter4/framework/system/CodeIgniter.php(824): Myth\Auth\Controllers\AuthController->login()
#5 /var/www/vhosts/e-pokir.kedirikab.go.id/sidika/vendor/codeigniter4/framework/system/CodeIgniter.php(410): CodeIgniter\CodeIgniter->runController()
#6 /var/www/vhosts/e-pokir.kedirikab.go.id/sidika/vendor/codeigniter4/framework/system/CodeIgniter.php(318): CodeIgniter\CodeIgniter->handleRequest()
#7 /var/www/vhosts/e-pokir.kedirikab.go.id/sidika.e-pokir.kedirikab.go.id/index.php(38): CodeIgniter\CodeIgniter->run()
#8 {main}
CRITICAL - 2022-11-01 23:22:15 --> Invalid file: App\Views\Auth\loginview.php
#0 /var/www/vhosts/e-pokir.kedirikab.go.id/sidika/vendor/codeigniter4/framework/system/View/View.php(198): CodeIgniter\Exceptions\FrameworkException::forInvalidFile()
#1 /var/www/vhosts/e-pokir.kedirikab.go.id/sidika/vendor/codeigniter4/framework/system/Common.php(1097): CodeIgniter\View\View->render()
#2 /var/www/vhosts/e-pokir.kedirikab.go.id/sidika/vendor/myth/auth/src/Controllers/AuthController.php(402): view()
#3 /var/www/vhosts/e-pokir.kedirikab.go.id/sidika/vendor/myth/auth/src/Controllers/AuthController.php(58): Myth\Auth\Controllers\AuthController->_render()
#4 /var/www/vhosts/e-pokir.kedirikab.go.id/sidika/vendor/codeigniter4/framework/system/CodeIgniter.php(824): Myth\Auth\Controllers\AuthController->login()
#5 /var/www/vhosts/e-pokir.kedirikab.go.id/sidika/vendor/codeigniter4/framework/system/CodeIgniter.php(410): CodeIgniter\CodeIgniter->runController()
#6 /var/www/vhosts/e-pokir.kedirikab.go.id/sidika/vendor/codeigniter4/framework/system/CodeIgniter.php(318): CodeIgniter\CodeIgniter->handleRequest()
#7 /var/www/vhosts/e-pokir.kedirikab.go.id/sidika.e-pokir.kedirikab.go.id/index.php(38): CodeIgniter\CodeIgniter->run()
#8 {main}
CRITICAL - 2022-11-01 23:22:16 --> Invalid file: App\Views\Auth\loginview.php
#0 /var/www/vhosts/e-pokir.kedirikab.go.id/sidika/vendor/codeigniter4/framework/system/View/View.php(198): CodeIgniter\Exceptions\FrameworkException::forInvalidFile()
#1 /var/www/vhosts/e-pokir.kedirikab.go.id/sidika/vendor/codeigniter4/framework/system/Common.php(1097): CodeIgniter\View\View->render()
#2 /var/www/vhosts/e-pokir.kedirikab.go.id/sidika/vendor/myth/auth/src/Controllers/AuthController.php(402): view()
#3 /var/www/vhosts/e-pokir.kedirikab.go.id/sidika/vendor/myth/auth/src/Controllers/AuthController.php(58): Myth\Auth\Controllers\AuthController->_render()
#4 /var/www/vhosts/e-pokir.kedirikab.go.id/sidika/vendor/codeigniter4/framework/system/CodeIgniter.php(824): Myth\Auth\Controllers\AuthController->login()
#5 /var/www/vhosts/e-pokir.kedirikab.go.id/sidika/vendor/codeigniter4/framework/system/CodeIgniter.php(410): CodeIgniter\CodeIgniter->runController()
#6 /var/www/vhosts/e-pokir.kedirikab.go.id/sidika/vendor/codeigniter4/framework/system/CodeIgniter.php(318): CodeIgniter\CodeIgniter->handleRequest()
#7 /var/www/vhosts/e-pokir.kedirikab.go.id/sidika.e-pokir.kedirikab.go.id/index.php(38): CodeIgniter\CodeIgniter->run()
#8 {main}
CRITICAL - 2022-11-01 23:22:17 --> Invalid file: App\Views\Auth\loginview.php
#0 /var/www/vhosts/e-pokir.kedirikab.go.id/sidika/vendor/codeigniter4/framework/system/View/View.php(198): CodeIgniter\Exceptions\FrameworkException::forInvalidFile()
#1 /var/www/vhosts/e-pokir.kedirikab.go.id/sidika/vendor/codeigniter4/framework/system/Common.php(1097): CodeIgniter\View\View->render()
#2 /var/www/vhosts/e-pokir.kedirikab.go.id/sidika/vendor/myth/auth/src/Controllers/AuthController.php(402): view()
#3 /var/www/vhosts/e-pokir.kedirikab.go.id/sidika/vendor/myth/auth/src/Controllers/AuthController.php(58): Myth\Auth\Controllers\AuthController->_render()
#4 /var/www/vhosts/e-pokir.kedirikab.go.id/sidika/vendor/codeigniter4/framework/system/CodeIgniter.php(824): Myth\Auth\Controllers\AuthController->login()
#5 /var/www/vhosts/e-pokir.kedirikab.go.id/sidika/vendor/codeigniter4/framework/system/CodeIgniter.php(410): CodeIgniter\CodeIgniter->runController()
#6 /var/www/vhosts/e-pokir.kedirikab.go.id/sidika/vendor/codeigniter4/framework/system/CodeIgniter.php(318): CodeIgniter\CodeIgniter->handleRequest()
#7 /var/www/vhosts/e-pokir.kedirikab.go.id/sidika.e-pokir.kedirikab.go.id/index.php(38): CodeIgniter\CodeIgniter->run()
#8 {main}
CRITICAL - 2022-11-01 23:22:17 --> Invalid file: App\Views\Auth\loginview.php
#0 /var/www/vhosts/e-pokir.kedirikab.go.id/sidika/vendor/codeigniter4/framework/system/View/View.php(198): CodeIgniter\Exceptions\FrameworkException::forInvalidFile()
#1 /var/www/vhosts/e-pokir.kedirikab.go.id/sidika/vendor/codeigniter4/framework/system/Common.php(1097): CodeIgniter\View\View->render()
#2 /var/www/vhosts/e-pokir.kedirikab.go.id/sidika/vendor/myth/auth/src/Controllers/AuthController.php(402): view()
#3 /var/www/vhosts/e-pokir.kedirikab.go.id/sidika/vendor/myth/auth/src/Controllers/AuthController.php(58): Myth\Auth\Controllers\AuthController->_render()
#4 /var/www/vhosts/e-pokir.kedirikab.go.id/sidika/vendor/codeigniter4/framework/system/CodeIgniter.php(824): Myth\Auth\Controllers\AuthController->login()
#5 /var/www/vhosts/e-pokir.kedirikab.go.id/sidika/vendor/codeigniter4/framework/system/CodeIgniter.php(410): CodeIgniter\CodeIgniter->runController()
#6 /var/www/vhosts/e-pokir.kedirikab.go.id/sidika/vendor/codeigniter4/framework/system/CodeIgniter.php(318): CodeIgniter\CodeIgniter->handleRequest()
#7 /var/www/vhosts/e-pokir.kedirikab.go.id/sidika.e-pokir.kedirikab.go.id/index.php(38): CodeIgniter\CodeIgniter->run()
#8 {main}
CRITICAL - 2022-11-01 23:22:18 --> Invalid file: App\Views\Auth\loginview.php
#0 /var/www/vhosts/e-pokir.kedirikab.go.id/sidika/vendor/codeigniter4/framework/system/View/View.php(198): CodeIgniter\Exceptions\FrameworkException::forInvalidFile()
#1 /var/www/vhosts/e-pokir.kedirikab.go.id/sidika/vendor/codeigniter4/framework/system/Common.php(1097): CodeIgniter\View\View->render()
#2 /var/www/vhosts/e-pokir.kedirikab.go.id/sidika/vendor/myth/auth/src/Controllers/AuthController.php(402): view()
#3 /var/www/vhosts/e-pokir.kedirikab.go.id/sidika/vendor/myth/auth/src/Controllers/AuthController.php(58): Myth\Auth\Controllers\AuthController->_render()
#4 /var/www/vhosts/e-pokir.kedirikab.go.id/sidika/vendor/codeigniter4/framework/system/CodeIgniter.php(824): Myth\Auth\Controllers\AuthController->login()
#5 /var/www/vhosts/e-pokir.kedirikab.go.id/sidika/vendor/codeigniter4/framework/system/CodeIgniter.php(410): CodeIgniter\CodeIgniter->runController()
#6 /var/www/vhosts/e-pokir.kedirikab.go.id/sidika/vendor/codeigniter4/framework/system/CodeIgniter.php(318): CodeIgniter\CodeIgniter->handleRequest()
#7 /var/www/vhosts/e-pokir.kedirikab.go.id/sidika.e-pokir.kedirikab.go.id/index.php(38): CodeIgniter\CodeIgniter->run()
#8 {main}
CRITICAL - 2022-11-01 23:23:15 --> Invalid file: App\Views\Auth\loginview.php
#0 /var/www/vhosts/e-pokir.kedirikab.go.id/sidika/vendor/codeigniter4/framework/system/View/View.php(198): CodeIgniter\Exceptions\FrameworkException::forInvalidFile()
#1 /var/www/vhosts/e-pokir.kedirikab.go.id/sidika/vendor/codeigniter4/framework/system/Common.php(1097): CodeIgniter\View\View->render()
#2 /var/www/vhosts/e-pokir.kedirikab.go.id/sidika/vendor/myth/auth/src/Controllers/AuthController.php(402): view()
#3 /var/www/vhosts/e-pokir.kedirikab.go.id/sidika/vendor/myth/auth/src/Controllers/AuthController.php(58): Myth\Auth\Controllers\AuthController->_render()
#4 /var/www/vhosts/e-pokir.kedirikab.go.id/sidika/vendor/codeigniter4/framework/system/CodeIgniter.php(824): Myth\Auth\Controllers\AuthController->login()
#5 /var/www/vhosts/e-pokir.kedirikab.go.id/sidika/vendor/codeigniter4/framework/system/CodeIgniter.php(410): CodeIgniter\CodeIgniter->runController()
#6 /var/www/vhosts/e-pokir.kedirikab.go.id/sidika/vendor/codeigniter4/framework/system/CodeIgniter.php(318): CodeIgniter\CodeIgniter->handleRequest()
#7 /var/www/vhosts/e-pokir.kedirikab.go.id/sidika.e-pokir.kedirikab.go.id/index.php(38): CodeIgniter\CodeIgniter->run()
#8 {main}
CRITICAL - 2022-11-01 23:23:16 --> Invalid file: App\Views\Auth\loginview.php
#0 /var/www/vhosts/e-pokir.kedirikab.go.id/sidika/vendor/codeigniter4/framework/system/View/View.php(198): CodeIgniter\Exceptions\FrameworkException::forInvalidFile()
#1 /var/www/vhosts/e-pokir.kedirikab.go.id/sidika/vendor/codeigniter4/framework/system/Common.php(1097): CodeIgniter\View\View->render()
#2 /var/www/vhosts/e-pokir.kedirikab.go.id/sidika/vendor/myth/auth/src/Controllers/AuthController.php(402): view()
#3 /var/www/vhosts/e-pokir.kedirikab.go.id/sidika/vendor/myth/auth/src/Controllers/AuthController.php(58): Myth\Auth\Controllers\AuthController->_render()
#4 /var/www/vhosts/e-pokir.kedirikab.go.id/sidika/vendor/codeigniter4/framework/system/CodeIgniter.php(824): Myth\Auth\Controllers\AuthController->login()
#5 /var/www/vhosts/e-pokir.kedirikab.go.id/sidika/vendor/codeigniter4/framework/system/CodeIgniter.php(410): CodeIgniter\CodeIgniter->runController()
#6 /var/www/vhosts/e-pokir.kedirikab.go.id/sidika/vendor/codeigniter4/framework/system/CodeIgniter.php(318): CodeIgniter\CodeIgniter->handleRequest()
#7 /var/www/vhosts/e-pokir.kedirikab.go.id/sidika.e-pokir.kedirikab.go.id/index.php(38): CodeIgniter\CodeIgniter->run()
#8 {main}
CRITICAL - 2022-11-01 23:23:17 --> Invalid file: App\Views\Auth\loginview.php
#0 /var/www/vhosts/e-pokir.kedirikab.go.id/sidika/vendor/codeigniter4/framework/system/View/View.php(198): CodeIgniter\Exceptions\FrameworkException::forInvalidFile()
#1 /var/www/vhosts/e-pokir.kedirikab.go.id/sidika/vendor/codeigniter4/framework/system/Common.php(1097): CodeIgniter\View\View->render()
#2 /var/www/vhosts/e-pokir.kedirikab.go.id/sidika/vendor/myth/auth/src/Controllers/AuthController.php(402): view()
#3 /var/www/vhosts/e-pokir.kedirikab.go.id/sidika/vendor/myth/auth/src/Controllers/AuthController.php(58): Myth\Auth\Controllers\AuthController->_render()
#4 /var/www/vhosts/e-pokir.kedirikab.go.id/sidika/vendor/codeigniter4/framework/system/CodeIgniter.php(824): Myth\Auth\Controllers\AuthController->login()
#5 /var/www/vhosts/e-pokir.kedirikab.go.id/sidika/vendor/codeigniter4/framework/system/CodeIgniter.php(410): CodeIgniter\CodeIgniter->runController()
#6 /var/www/vhosts/e-pokir.kedirikab.go.id/sidika/vendor/codeigniter4/framework/system/CodeIgniter.php(318): CodeIgniter\CodeIgniter->handleRequest()
#7 /var/www/vhosts/e-pokir.kedirikab.go.id/sidika.e-pokir.kedirikab.go.id/index.php(38): CodeIgniter\CodeIgniter->run()
#8 {main}
CRITICAL - 2022-11-01 23:23:17 --> Invalid file: App\Views\Auth\loginview.php
#0 /var/www/vhosts/e-pokir.kedirikab.go.id/sidika/vendor/codeigniter4/framework/system/View/View.php(198): CodeIgniter\Exceptions\FrameworkException::forInvalidFile()
#1 /var/www/vhosts/e-pokir.kedirikab.go.id/sidika/vendor/codeigniter4/framework/system/Common.php(1097): CodeIgniter\View\View->render()
#2 /var/www/vhosts/e-pokir.kedirikab.go.id/sidika/vendor/myth/auth/src/Controllers/AuthController.php(402): view()
#3 /var/www/vhosts/e-pokir.kedirikab.go.id/sidika/vendor/myth/auth/src/Controllers/AuthController.php(58): Myth\Auth\Controllers\AuthController->_render()
#4 /var/www/vhosts/e-pokir.kedirikab.go.id/sidika/vendor/codeigniter4/framework/system/CodeIgniter.php(824): Myth\Auth\Controllers\AuthController->login()
#5 /var/www/vhosts/e-pokir.kedirikab.go.id/sidika/vendor/codeigniter4/framework/system/CodeIgniter.php(410): CodeIgniter\CodeIgniter->runController()
#6 /var/www/vhosts/e-pokir.kedirikab.go.id/sidika/vendor/codeigniter4/framework/system/CodeIgniter.php(318): CodeIgniter\CodeIgniter->handleRequest()
#7 /var/www/vhosts/e-pokir.kedirikab.go.id/sidika.e-pokir.kedirikab.go.id/index.php(38): CodeIgniter\CodeIgniter->run()
#8 {main}
CRITICAL - 2022-11-01 23:23:17 --> Invalid file: App\Views\Auth\loginview.php
#0 /var/www/vhosts/e-pokir.kedirikab.go.id/sidika/vendor/codeigniter4/framework/system/View/View.php(198): CodeIgniter\Exceptions\FrameworkException::forInvalidFile()
#1 /var/www/vhosts/e-pokir.kedirikab.go.id/sidika/vendor/codeigniter4/framework/system/Common.php(1097): CodeIgniter\View\View->render()
#2 /var/www/vhosts/e-pokir.kedirikab.go.id/sidika/vendor/myth/auth/src/Controllers/AuthController.php(402): view()
#3 /var/www/vhosts/e-pokir.kedirikab.go.id/sidika/vendor/myth/auth/src/Controllers/AuthController.php(58): Myth\Auth\Controllers\AuthController->_render()
#4 /var/www/vhosts/e-pokir.kedirikab.go.id/sidika/vendor/codeigniter4/framework/system/CodeIgniter.php(824): Myth\Auth\Controllers\AuthController->login()
#5 /var/www/vhosts/e-pokir.kedirikab.go.id/sidika/vendor/codeigniter4/framework/system/CodeIgniter.php(410): CodeIgniter\CodeIgniter->runController()
#6 /var/www/vhosts/e-pokir.kedirikab.go.id/sidika/vendor/codeigniter4/framework/system/CodeIgniter.php(318): CodeIgniter\CodeIgniter->handleRequest()
#7 /var/www/vhosts/e-pokir.kedirikab.go.id/sidika.e-pokir.kedirikab.go.id/index.php(38): CodeIgniter\CodeIgniter->run()
#8 {main}
CRITICAL - 2022-11-01 23:23:17 --> Invalid file: App\Views\Auth\loginview.php
#0 /var/www/vhosts/e-pokir.kedirikab.go.id/sidika/vendor/codeigniter4/framework/system/View/View.php(198): CodeIgniter\Exceptions\FrameworkException::forInvalidFile()
#1 /var/www/vhosts/e-pokir.kedirikab.go.id/sidika/vendor/codeigniter4/framework/system/Common.php(1097): CodeIgniter\View\View->render()
#2 /var/www/vhosts/e-pokir.kedirikab.go.id/sidika/vendor/myth/auth/src/Controllers/AuthController.php(402): view()
#3 /var/www/vhosts/e-pokir.kedirikab.go.id/sidika/vendor/myth/auth/src/Controllers/AuthController.php(58): Myth\Auth\Controllers\AuthController->_render()
#4 /var/www/vhosts/e-pokir.kedirikab.go.id/sidika/vendor/codeigniter4/framework/system/CodeIgniter.php(824): Myth\Auth\Controllers\AuthController->login()
#5 /var/www/vhosts/e-pokir.kedirikab.go.id/sidika/vendor/codeigniter4/framework/system/CodeIgniter.php(410): CodeIgniter\CodeIgniter->runController()
#6 /var/www/vhosts/e-pokir.kedirikab.go.id/sidika/vendor/codeigniter4/framework/system/CodeIgniter.php(318): CodeIgniter\CodeIgniter->handleRequest()
#7 /var/www/vhosts/e-pokir.kedirikab.go.id/sidika.e-pokir.kedirikab.go.id/index.php(38): CodeIgniter\CodeIgniter->run()
#8 {main}
CRITICAL - 2022-11-01 23:23:18 --> Invalid file: App\Views\Auth\loginview.php
#0 /var/www/vhosts/e-pokir.kedirikab.go.id/sidika/vendor/codeigniter4/framework/system/View/View.php(198): CodeIgniter\Exceptions\FrameworkException::forInvalidFile()
#1 /var/www/vhosts/e-pokir.kedirikab.go.id/sidika/vendor/codeigniter4/framework/system/Common.php(1097): CodeIgniter\View\View->render()
#2 /var/www/vhosts/e-pokir.kedirikab.go.id/sidika/vendor/myth/auth/src/Controllers/AuthController.php(402): view()
#3 /var/www/vhosts/e-pokir.kedirikab.go.id/sidika/vendor/myth/auth/src/Controllers/AuthController.php(58): Myth\Auth\Controllers\AuthController->_render()
#4 /var/www/vhosts/e-pokir.kedirikab.go.id/sidika/vendor/codeigniter4/framework/system/CodeIgniter.php(824): Myth\Auth\Controllers\AuthController->login()
#5 /var/www/vhosts/e-pokir.kedirikab.go.id/sidika/vendor/codeigniter4/framework/system/CodeIgniter.php(410): CodeIgniter\CodeIgniter->runController()
#6 /var/www/vhosts/e-pokir.kedirikab.go.id/sidika/vendor/codeigniter4/framework/system/CodeIgniter.php(318): CodeIgniter\CodeIgniter->handleRequest()
#7 /var/www/vhosts/e-pokir.kedirikab.go.id/sidika.e-pokir.kedirikab.go.id/index.php(38): CodeIgniter\CodeIgniter->run()
#8 {main}
CRITICAL - 2022-11-01 23:23:18 --> Invalid file: App\Views\Auth\loginview.php
#0 /var/www/vhosts/e-pokir.kedirikab.go.id/sidika/vendor/codeigniter4/framework/system/View/View.php(198): CodeIgniter\Exceptions\FrameworkException::forInvalidFile()
#1 /var/www/vhosts/e-pokir.kedirikab.go.id/sidika/vendor/codeigniter4/framework/system/Common.php(1097): CodeIgniter\View\View->render()
#2 /var/www/vhosts/e-pokir.kedirikab.go.id/sidika/vendor/myth/auth/src/Controllers/AuthController.php(402): view()
#3 /var/www/vhosts/e-pokir.kedirikab.go.id/sidika/vendor/myth/auth/src/Controllers/AuthController.php(58): Myth\Auth\Controllers\AuthController->_render()
#4 /var/www/vhosts/e-pokir.kedirikab.go.id/sidika/vendor/codeigniter4/framework/system/CodeIgniter.php(824): Myth\Auth\Controllers\AuthController->login()
#5 /var/www/vhosts/e-pokir.kedirikab.go.id/sidika/vendor/codeigniter4/framework/system/CodeIgniter.php(410): CodeIgniter\CodeIgniter->runController()
#6 /var/www/vhosts/e-pokir.kedirikab.go.id/sidika/vendor/codeigniter4/framework/system/CodeIgniter.php(318): CodeIgniter\CodeIgniter->handleRequest()
#7 /var/www/vhosts/e-pokir.kedirikab.go.id/sidika.e-pokir.kedirikab.go.id/index.php(38): CodeIgniter\CodeIgniter->run()
#8 {main}
CRITICAL - 2022-11-01 23:23:22 --> Invalid file: App\Views\Auth\loginview.php
#0 /var/www/vhosts/e-pokir.kedirikab.go.id/sidika/vendor/codeigniter4/framework/system/View/View.php(198): CodeIgniter\Exceptions\FrameworkException::forInvalidFile()
#1 /var/www/vhosts/e-pokir.kedirikab.go.id/sidika/vendor/codeigniter4/framework/system/Common.php(1097): CodeIgniter\View\View->render()
#2 /var/www/vhosts/e-pokir.kedirikab.go.id/sidika/vendor/myth/auth/src/Controllers/AuthController.php(402): view()
#3 /var/www/vhosts/e-pokir.kedirikab.go.id/sidika/vendor/myth/auth/src/Controllers/AuthController.php(58): Myth\Auth\Controllers\AuthController->_render()
#4 /var/www/vhosts/e-pokir.kedirikab.go.id/sidika/vendor/codeigniter4/framework/system/CodeIgniter.php(824): Myth\Auth\Controllers\AuthController->login()
#5 /var/www/vhosts/e-pokir.kedirikab.go.id/sidika/vendor/codeigniter4/framework/system/CodeIgniter.php(410): CodeIgniter\CodeIgniter->runController()
#6 /var/www/vhosts/e-pokir.kedirikab.go.id/sidika/vendor/codeigniter4/framework/system/CodeIgniter.php(318): CodeIgniter\CodeIgniter->handleRequest()
#7 /var/www/vhosts/e-pokir.kedirikab.go.id/sidika.e-pokir.kedirikab.go.id/index.php(38): CodeIgniter\CodeIgniter->run()
#8 {main}
CRITICAL - 2022-11-01 23:23:52 --> Invalid file: App\Views\Auth\loginview.php
#0 /var/www/vhosts/e-pokir.kedirikab.go.id/sidika/vendor/codeigniter4/framework/system/View/View.php(198): CodeIgniter\Exceptions\FrameworkException::forInvalidFile()
#1 /var/www/vhosts/e-pokir.kedirikab.go.id/sidika/vendor/codeigniter4/framework/system/Common.php(1097): CodeIgniter\View\View->render()
#2 /var/www/vhosts/e-pokir.kedirikab.go.id/sidika/vendor/myth/auth/src/Controllers/AuthController.php(402): view()
#3 /var/www/vhosts/e-pokir.kedirikab.go.id/sidika/vendor/myth/auth/src/Controllers/AuthController.php(58): Myth\Auth\Controllers\AuthController->_render()
#4 /var/www/vhosts/e-pokir.kedirikab.go.id/sidika/vendor/codeigniter4/framework/system/CodeIgniter.php(824): Myth\Auth\Controllers\AuthController->login()
#5 /var/www/vhosts/e-pokir.kedirikab.go.id/sidika/vendor/codeigniter4/framework/system/CodeIgniter.php(410): CodeIgniter\CodeIgniter->runController()
#6 /var/www/vhosts/e-pokir.kedirikab.go.id/sidika/vendor/codeigniter4/framework/system/CodeIgniter.php(318): CodeIgniter\CodeIgniter->handleRequest()
#7 /var/www/vhosts/e-pokir.kedirikab.go.id/sidika.e-pokir.kedirikab.go.id/index.php(38): CodeIgniter\CodeIgniter->run()
#8 {main}
CRITICAL - 2022-11-01 23:23:53 --> Invalid file: App\Views\Auth\loginview.php
#0 /var/www/vhosts/e-pokir.kedirikab.go.id/sidika/vendor/codeigniter4/framework/system/View/View.php(198): CodeIgniter\Exceptions\FrameworkException::forInvalidFile()
#1 /var/www/vhosts/e-pokir.kedirikab.go.id/sidika/vendor/codeigniter4/framework/system/Common.php(1097): CodeIgniter\View\View->render()
#2 /var/www/vhosts/e-pokir.kedirikab.go.id/sidika/vendor/myth/auth/src/Controllers/AuthController.php(402): view()
#3 /var/www/vhosts/e-pokir.kedirikab.go.id/sidika/vendor/myth/auth/src/Controllers/AuthController.php(58): Myth\Auth\Controllers\AuthController->_render()
#4 /var/www/vhosts/e-pokir.kedirikab.go.id/sidika/vendor/codeigniter4/framework/system/CodeIgniter.php(824): Myth\Auth\Controllers\AuthController->login()
#5 /var/www/vhosts/e-pokir.kedirikab.go.id/sidika/vendor/codeigniter4/framework/system/CodeIgniter.php(410): CodeIgniter\CodeIgniter->runController()
#6 /var/www/vhosts/e-pokir.kedirikab.go.id/sidika/vendor/codeigniter4/framework/system/CodeIgniter.php(318): CodeIgniter\CodeIgniter->handleRequest()
#7 /var/www/vhosts/e-pokir.kedirikab.go.id/sidika.e-pokir.kedirikab.go.id/index.php(38): CodeIgniter\CodeIgniter->run()
#8 {main}
CRITICAL - 2022-11-01 23:24:23 --> Invalid file: App\Views\Auth\loginview.php
#0 /var/www/vhosts/e-pokir.kedirikab.go.id/sidika/vendor/codeigniter4/framework/system/View/View.php(198): CodeIgniter\Exceptions\FrameworkException::forInvalidFile()
#1 /var/www/vhosts/e-pokir.kedirikab.go.id/sidika/vendor/codeigniter4/framework/system/Common.php(1097): CodeIgniter\View\View->render()
#2 /var/www/vhosts/e-pokir.kedirikab.go.id/sidika/vendor/myth/auth/src/Controllers/AuthController.php(402): view()
#3 /var/www/vhosts/e-pokir.kedirikab.go.id/sidika/vendor/myth/auth/src/Controllers/AuthController.php(58): Myth\Auth\Controllers\AuthController->_render()
#4 /var/www/vhosts/e-pokir.kedirikab.go.id/sidika/vendor/codeigniter4/framework/system/CodeIgniter.php(824): Myth\Auth\Controllers\AuthController->login()
#5 /var/www/vhosts/e-pokir.kedirikab.go.id/sidika/vendor/codeigniter4/framework/system/CodeIgniter.php(410): CodeIgniter\CodeIgniter->runController()
#6 /var/www/vhosts/e-pokir.kedirikab.go.id/sidika/vendor/codeigniter4/framework/system/CodeIgniter.php(318): CodeIgniter\CodeIgniter->handleRequest()
#7 /var/www/vhosts/e-pokir.kedirikab.go.id/sidika.e-pokir.kedirikab.go.id/index.php(38): CodeIgniter\CodeIgniter->run()
#8 {main}
CRITICAL - 2022-11-01 23:24:39 --> Invalid file: App\Views\Auth\loginview.php
#0 /var/www/vhosts/e-pokir.kedirikab.go.id/sidika/vendor/codeigniter4/framework/system/View/View.php(198): CodeIgniter\Exceptions\FrameworkException::forInvalidFile()
#1 /var/www/vhosts/e-pokir.kedirikab.go.id/sidika/vendor/codeigniter4/framework/system/Common.php(1097): CodeIgniter\View\View->render()
#2 /var/www/vhosts/e-pokir.kedirikab.go.id/sidika/vendor/myth/auth/src/Controllers/AuthController.php(402): view()
#3 /var/www/vhosts/e-pokir.kedirikab.go.id/sidika/vendor/myth/auth/src/Controllers/AuthController.php(58): Myth\Auth\Controllers\AuthController->_render()
#4 /var/www/vhosts/e-pokir.kedirikab.go.id/sidika/vendor/codeigniter4/framework/system/CodeIgniter.php(824): Myth\Auth\Controllers\AuthController->login()
#5 /var/www/vhosts/e-pokir.kedirikab.go.id/sidika/vendor/codeigniter4/framework/system/CodeIgniter.php(410): CodeIgniter\CodeIgniter->runController()
#6 /var/www/vhosts/e-pokir.kedirikab.go.id/sidika/vendor/codeigniter4/framework/system/CodeIgniter.php(318): CodeIgniter\CodeIgniter->handleRequest()
#7 /var/www/vhosts/e-pokir.kedirikab.go.id/sidika.e-pokir.kedirikab.go.id/index.php(38): CodeIgniter\CodeIgniter->run()
#8 {main}
CRITICAL - 2022-11-01 23:28:15 --> Invalid file: App\Views\Auth\loginview.php
#0 /var/www/vhosts/e-pokir.kedirikab.go.id/sidika/vendor/codeigniter4/framework/system/View/View.php(198): CodeIgniter\Exceptions\FrameworkException::forInvalidFile()
#1 /var/www/vhosts/e-pokir.kedirikab.go.id/sidika/vendor/codeigniter4/framework/system/Common.php(1097): CodeIgniter\View\View->render()
#2 /var/www/vhosts/e-pokir.kedirikab.go.id/sidika/vendor/myth/auth/src/Controllers/AuthController.php(402): view()
#3 /var/www/vhosts/e-pokir.kedirikab.go.id/sidika/vendor/myth/auth/src/Controllers/AuthController.php(58): Myth\Auth\Controllers\AuthController->_render()
#4 /var/www/vhosts/e-pokir.kedirikab.go.id/sidika/vendor/codeigniter4/framework/system/CodeIgniter.php(824): Myth\Auth\Controllers\AuthController->login()
#5 /var/www/vhosts/e-pokir.kedirikab.go.id/sidika/vendor/codeigniter4/framework/system/CodeIgniter.php(410): CodeIgniter\CodeIgniter->runController()
#6 /var/www/vhosts/e-pokir.kedirikab.go.id/sidika/vendor/codeigniter4/framework/system/CodeIgniter.php(318): CodeIgniter\CodeIgniter->handleRequest()
#7 /var/www/vhosts/e-pokir.kedirikab.go.id/sidika.e-pokir.kedirikab.go.id/index.php(38): CodeIgniter\CodeIgniter->run()
#8 {main}
CRITICAL - 2022-11-01 23:28:19 --> Invalid file: App\Views\Auth\loginview.php
#0 /var/www/vhosts/e-pokir.kedirikab.go.id/sidika/vendor/codeigniter4/framework/system/View/View.php(198): CodeIgniter\Exceptions\FrameworkException::forInvalidFile()
#1 /var/www/vhosts/e-pokir.kedirikab.go.id/sidika/vendor/codeigniter4/framework/system/Common.php(1097): CodeIgniter\View\View->render()
#2 /var/www/vhosts/e-pokir.kedirikab.go.id/sidika/vendor/myth/auth/src/Controllers/AuthController.php(402): view()
#3 /var/www/vhosts/e-pokir.kedirikab.go.id/sidika/vendor/myth/auth/src/Controllers/AuthController.php(58): Myth\Auth\Controllers\AuthController->_render()
#4 /var/www/vhosts/e-pokir.kedirikab.go.id/sidika/vendor/codeigniter4/framework/system/CodeIgniter.php(824): Myth\Auth\Controllers\AuthController->login()
#5 /var/www/vhosts/e-pokir.kedirikab.go.id/sidika/vendor/codeigniter4/framework/system/CodeIgniter.php(410): CodeIgniter\CodeIgniter->runController()
#6 /var/www/vhosts/e-pokir.kedirikab.go.id/sidika/vendor/codeigniter4/framework/system/CodeIgniter.php(318): CodeIgniter\CodeIgniter->handleRequest()
#7 /var/www/vhosts/e-pokir.kedirikab.go.id/sidika.e-pokir.kedirikab.go.id/index.php(38): CodeIgniter\CodeIgniter->run()
#8 {main}
CRITICAL - 2022-11-01 23:29:03 --> strtolower(): Passing null to parameter #1 ($string) of type string is deprecated
#0 [internal function]: CodeIgniter\Debug\Exceptions->errorHandler()
#1 /var/www/vhosts/e-pokir.kedirikab.go.id/sidika/vendor/codeigniter4/framework/system/Validation/FormatRules.php(253): strtolower()
#2 /var/www/vhosts/e-pokir.kedirikab.go.id/sidika/vendor/codeigniter4/framework/system/HTTP/RequestTrait.php(151): CodeIgniter\Validation\FormatRules->valid_ip()
#3 /var/www/vhosts/e-pokir.kedirikab.go.id/sidika/vendor/codeigniter4/framework/system/Config/Services.php(570): CodeIgniter\HTTP\Request->getIPAddress()
#4 /var/www/vhosts/e-pokir.kedirikab.go.id/sidika/vendor/codeigniter4/framework/system/Config/BaseService.php(248): CodeIgniter\Config\Services::session()
#5 /var/www/vhosts/e-pokir.kedirikab.go.id/sidika/vendor/codeigniter4/framework/system/Config/BaseService.php(189): CodeIgniter\Config\BaseService::__callStatic()
#6 /var/www/vhosts/e-pokir.kedirikab.go.id/sidika/vendor/codeigniter4/framework/system/Config/Services.php(563): CodeIgniter\Config\BaseService::getSharedInstance()
#7 /var/www/vhosts/e-pokir.kedirikab.go.id/sidika/vendor/codeigniter4/framework/system/Config/BaseService.php(248): CodeIgniter\Config\Services::session()
#8 /var/www/vhosts/e-pokir.kedirikab.go.id/sidika/vendor/codeigniter4/framework/system/Common.php(937): CodeIgniter\Config\BaseService::__callStatic()
#9 /var/www/vhosts/e-pokir.kedirikab.go.id/sidika/vendor/myth/auth/src/Controllers/AuthController.php(29): service()
#10 /var/www/vhosts/e-pokir.kedirikab.go.id/sidika/vendor/codeigniter4/framework/system/CodeIgniter.php(801): Myth\Auth\Controllers\AuthController->__construct()
#11 /var/www/vhosts/e-pokir.kedirikab.go.id/sidika/vendor/codeigniter4/framework/system/CodeIgniter.php(401): CodeIgniter\CodeIgniter->createController()
#12 /var/www/vhosts/e-pokir.kedirikab.go.id/sidika/vendor/codeigniter4/framework/system/CodeIgniter.php(318): CodeIgniter\CodeIgniter->handleRequest()
#13 /var/www/vhosts/e-pokir.kedirikab.go.id/sidika.e-pokir.kedirikab.go.id/index.php(38): CodeIgniter\CodeIgniter->run()
#14 {main}
CRITICAL - 2022-11-01 23:29:19 --> strtolower(): Passing null to parameter #1 ($string) of type string is deprecated
#0 [internal function]: CodeIgniter\Debug\Exceptions->errorHandler()
#1 /var/www/vhosts/e-pokir.kedirikab.go.id/sidika/vendor/codeigniter4/framework/system/Validation/FormatRules.php(253): strtolower()
#2 /var/www/vhosts/e-pokir.kedirikab.go.id/sidika/vendor/codeigniter4/framework/system/HTTP/RequestTrait.php(151): CodeIgniter\Validation\FormatRules->valid_ip()
#3 /var/www/vhosts/e-pokir.kedirikab.go.id/sidika/vendor/codeigniter4/framework/system/Config/Services.php(570): CodeIgniter\HTTP\Request->getIPAddress()
#4 /var/www/vhosts/e-pokir.kedirikab.go.id/sidika/vendor/codeigniter4/framework/system/Config/BaseService.php(248): CodeIgniter\Config\Services::session()
#5 /var/www/vhosts/e-pokir.kedirikab.go.id/sidika/vendor/codeigniter4/framework/system/Config/BaseService.php(189): CodeIgniter\Config\BaseService::__callStatic()
#6 /var/www/vhosts/e-pokir.kedirikab.go.id/sidika/vendor/codeigniter4/framework/system/Config/Services.php(563): CodeIgniter\Config\BaseService::getSharedInstance()
#7 /var/www/vhosts/e-pokir.kedirikab.go.id/sidika/vendor/codeigniter4/framework/system/Config/BaseService.php(248): CodeIgniter\Config\Services::session()
#8 /var/www/vhosts/e-pokir.kedirikab.go.id/sidika/vendor/codeigniter4/framework/system/Common.php(937): CodeIgniter\Config\BaseService::__callStatic()
#9 /var/www/vhosts/e-pokir.kedirikab.go.id/sidika/vendor/myth/auth/src/Controllers/AuthController.php(29): service()
#10 /var/www/vhosts/e-pokir.kedirikab.go.id/sidika/vendor/codeigniter4/framework/system/CodeIgniter.php(801): Myth\Auth\Controllers\AuthController->__construct()
#11 /var/www/vhosts/e-pokir.kedirikab.go.id/sidika/vendor/codeigniter4/framework/system/CodeIgniter.php(401): CodeIgniter\CodeIgniter->createController()
#12 /var/www/vhosts/e-pokir.kedirikab.go.id/sidika/vendor/codeigniter4/framework/system/CodeIgniter.php(318): CodeIgniter\CodeIgniter->handleRequest()
#13 /var/www/vhosts/e-pokir.kedirikab.go.id/sidika.e-pokir.kedirikab.go.id/index.php(38): CodeIgniter\CodeIgniter->run()
#14 {main}
CRITICAL - 2022-11-01 23:29:22 --> strtolower(): Passing null to parameter #1 ($string) of type string is deprecated
#0 [internal function]: CodeIgniter\Debug\Exceptions->errorHandler()
#1 /var/www/vhosts/e-pokir.kedirikab.go.id/sidika/vendor/codeigniter4/framework/system/Validation/FormatRules.php(253): strtolower()
#2 /var/www/vhosts/e-pokir.kedirikab.go.id/sidika/vendor/codeigniter4/framework/system/HTTP/RequestTrait.php(151): CodeIgniter\Validation\FormatRules->valid_ip()
#3 /var/www/vhosts/e-pokir.kedirikab.go.id/sidika/vendor/codeigniter4/framework/system/Config/Services.php(570): CodeIgniter\HTTP\Request->getIPAddress()
#4 /var/www/vhosts/e-pokir.kedirikab.go.id/sidika/vendor/codeigniter4/framework/system/Config/BaseService.php(248): CodeIgniter\Config\Services::session()
#5 /var/www/vhosts/e-pokir.kedirikab.go.id/sidika/vendor/codeigniter4/framework/system/Config/BaseService.php(189): CodeIgniter\Config\BaseService::__callStatic()
#6 /var/www/vhosts/e-pokir.kedirikab.go.id/sidika/vendor/codeigniter4/framework/system/Config/Services.php(563): CodeIgniter\Config\BaseService::getSharedInstance()
#7 /var/www/vhosts/e-pokir.kedirikab.go.id/sidika/vendor/codeigniter4/framework/system/Config/BaseService.php(248): CodeIgniter\Config\Services::session()
#8 /var/www/vhosts/e-pokir.kedirikab.go.id/sidika/vendor/codeigniter4/framework/system/Common.php(909): CodeIgniter\Config\BaseService::__callStatic()
#9 /var/www/vhosts/e-pokir.kedirikab.go.id/sidika/vendor/myth/auth/src/Authentication/AuthenticationBase.php(134): session()
#10 /var/www/vhosts/e-pokir.kedirikab.go.id/sidika/vendor/myth/auth/src/Authentication/LocalAuthenticator.php(70): Myth\Auth\Authentication\AuthenticationBase->isLoggedIn()
#11 /var/www/vhosts/e-pokir.kedirikab.go.id/sidika/vendor/myth/auth/src/Filters/LoginFilter.php(44): Myth\Auth\Authentication\LocalAuthenticator->check()
#12 /var/www/vhosts/e-pokir.kedirikab.go.id/sidika/vendor/codeigniter4/framework/system/Filters/Filters.php(173): Myth\Auth\Filters\LoginFilter->before()
#13 /var/www/vhosts/e-pokir.kedirikab.go.id/sidika/vendor/codeigniter4/framework/system/CodeIgniter.php(384): CodeIgniter\Filters\Filters->run()
#14 /var/www/vhosts/e-pokir.kedirikab.go.id/sidika/vendor/codeigniter4/framework/system/CodeIgniter.php(318): CodeIgniter\CodeIgniter->handleRequest()
#15 /var/www/vhosts/e-pokir.kedirikab.go.id/sidika.e-pokir.kedirikab.go.id/index.php(38): CodeIgniter\CodeIgniter->run()
#16 {main}
CRITICAL - 2022-11-01 23:29:35 --> strtolower(): Passing null to parameter #1 ($string) of type string is deprecated
#0 [internal function]: CodeIgniter\Debug\Exceptions->errorHandler()
#1 /var/www/vhosts/e-pokir.kedirikab.go.id/sidika/vendor/codeigniter4/framework/system/Validation/FormatRules.php(253): strtolower()
#2 /var/www/vhosts/e-pokir.kedirikab.go.id/sidika/vendor/codeigniter4/framework/system/HTTP/RequestTrait.php(151): CodeIgniter\Validation\FormatRules->valid_ip()
#3 /var/www/vhosts/e-pokir.kedirikab.go.id/sidika/vendor/codeigniter4/framework/system/Config/Services.php(570): CodeIgniter\HTTP\Request->getIPAddress()
#4 /var/www/vhosts/e-pokir.kedirikab.go.id/sidika/vendor/codeigniter4/framework/system/Config/BaseService.php(248): CodeIgniter\Config\Services::session()
#5 /var/www/vhosts/e-pokir.kedirikab.go.id/sidika/vendor/codeigniter4/framework/system/Config/BaseService.php(189): CodeIgniter\Config\BaseService::__callStatic()
#6 /var/www/vhosts/e-pokir.kedirikab.go.id/sidika/vendor/codeigniter4/framework/system/Config/Services.php(563): CodeIgniter\Config\BaseService::getSharedInstance()
#7 /var/www/vhosts/e-pokir.kedirikab.go.id/sidika/vendor/codeigniter4/framework/system/Config/BaseService.php(248): CodeIgniter\Config\Services::session()
#8 /var/www/vhosts/e-pokir.kedirikab.go.id/sidika/vendor/codeigniter4/framework/system/Common.php(909): CodeIgniter\Config\BaseService::__callStatic()
#9 /var/www/vhosts/e-pokir.kedirikab.go.id/sidika/vendor/myth/auth/src/Authentication/AuthenticationBase.php(134): session()
#10 /var/www/vhosts/e-pokir.kedirikab.go.id/sidika/vendor/myth/auth/src/Authentication/LocalAuthenticator.php(70): Myth\Auth\Authentication\AuthenticationBase->isLoggedIn()
#11 /var/www/vhosts/e-pokir.kedirikab.go.id/sidika/vendor/myth/auth/src/Filters/LoginFilter.php(44): Myth\Auth\Authentication\LocalAuthenticator->check()
#12 /var/www/vhosts/e-pokir.kedirikab.go.id/sidika/vendor/codeigniter4/framework/system/Filters/Filters.php(173): Myth\Auth\Filters\LoginFilter->before()
#13 /var/www/vhosts/e-pokir.kedirikab.go.id/sidika/vendor/codeigniter4/framework/system/CodeIgniter.php(384): CodeIgniter\Filters\Filters->run()
#14 /var/www/vhosts/e-pokir.kedirikab.go.id/sidika/vendor/codeigniter4/framework/system/CodeIgniter.php(318): CodeIgniter\CodeIgniter->handleRequest()
#15 /var/www/vhosts/e-pokir.kedirikab.go.id/sidika.e-pokir.kedirikab.go.id/index.php(38): CodeIgniter\CodeIgniter->run()
#16 {main}
CRITICAL - 2022-11-01 23:34:03 --> strtolower(): Passing null to parameter #1 ($string) of type string is deprecated
#0 [internal function]: CodeIgniter\Debug\Exceptions->errorHandler()
#1 /var/www/vhosts/e-pokir.kedirikab.go.id/sidika/vendor/codeigniter4/framework/system/Validation/FormatRules.php(253): strtolower()
#2 /var/www/vhosts/e-pokir.kedirikab.go.id/sidika/vendor/codeigniter4/framework/system/HTTP/RequestTrait.php(151): CodeIgniter\Validation\FormatRules->valid_ip()
#3 /var/www/vhosts/e-pokir.kedirikab.go.id/sidika/vendor/codeigniter4/framework/system/Config/Services.php(570): CodeIgniter\HTTP\Request->getIPAddress()
#4 /var/www/vhosts/e-pokir.kedirikab.go.id/sidika/vendor/codeigniter4/framework/system/Config/BaseService.php(248): CodeIgniter\Config\Services::session()
#5 /var/www/vhosts/e-pokir.kedirikab.go.id/sidika/vendor/codeigniter4/framework/system/Config/BaseService.php(189): CodeIgniter\Config\BaseService::__callStatic()
#6 /var/www/vhosts/e-pokir.kedirikab.go.id/sidika/vendor/codeigniter4/framework/system/Config/Services.php(563): CodeIgniter\Config\BaseService::getSharedInstance()
#7 /var/www/vhosts/e-pokir.kedirikab.go.id/sidika/vendor/codeigniter4/framework/system/Config/BaseService.php(248): CodeIgniter\Config\Services::session()
#8 /var/www/vhosts/e-pokir.kedirikab.go.id/sidika/vendor/codeigniter4/framework/system/Common.php(909): CodeIgniter\Config\BaseService::__callStatic()
#9 /var/www/vhosts/e-pokir.kedirikab.go.id/sidika/vendor/myth/auth/src/Authentication/AuthenticationBase.php(134): session()
#10 /var/www/vhosts/e-pokir.kedirikab.go.id/sidika/vendor/myth/auth/src/Authentication/LocalAuthenticator.php(70): Myth\Auth\Authentication\AuthenticationBase->isLoggedIn()
#11 /var/www/vhosts/e-pokir.kedirikab.go.id/sidika/vendor/myth/auth/src/Filters/LoginFilter.php(44): Myth\Auth\Authentication\LocalAuthenticator->check()
#12 /var/www/vhosts/e-pokir.kedirikab.go.id/sidika/vendor/codeigniter4/framework/system/Filters/Filters.php(173): Myth\Auth\Filters\LoginFilter->before()
#13 /var/www/vhosts/e-pokir.kedirikab.go.id/sidika/vendor/codeigniter4/framework/system/CodeIgniter.php(384): CodeIgniter\Filters\Filters->run()
#14 /var/www/vhosts/e-pokir.kedirikab.go.id/sidika/vendor/codeigniter4/framework/system/CodeIgniter.php(318): CodeIgniter\CodeIgniter->handleRequest()
#15 /var/www/vhosts/e-pokir.kedirikab.go.id/sidika.e-pokir.kedirikab.go.id/index.php(38): CodeIgniter\CodeIgniter->run()
#16 {main}
CRITICAL - 2022-11-01 23:34:04 --> strtolower(): Passing null to parameter #1 ($string) of type string is deprecated
#0 [internal function]: CodeIgniter\Debug\Exceptions->errorHandler()
#1 /var/www/vhosts/e-pokir.kedirikab.go.id/sidika/vendor/codeigniter4/framework/system/Validation/FormatRules.php(253): strtolower()
#2 /var/www/vhosts/e-pokir.kedirikab.go.id/sidika/vendor/codeigniter4/framework/system/HTTP/RequestTrait.php(151): CodeIgniter\Validation\FormatRules->valid_ip()
#3 /var/www/vhosts/e-pokir.kedirikab.go.id/sidika/vendor/codeigniter4/framework/system/Config/Services.php(570): CodeIgniter\HTTP\Request->getIPAddress()
#4 /var/www/vhosts/e-pokir.kedirikab.go.id/sidika/vendor/codeigniter4/framework/system/Config/BaseService.php(248): CodeIgniter\Config\Services::session()
#5 /var/www/vhosts/e-pokir.kedirikab.go.id/sidika/vendor/codeigniter4/framework/system/Config/BaseService.php(189): CodeIgniter\Config\BaseService::__callStatic()
#6 /var/www/vhosts/e-pokir.kedirikab.go.id/sidika/vendor/codeigniter4/framework/system/Config/Services.php(563): CodeIgniter\Config\BaseService::getSharedInstance()
#7 /var/www/vhosts/e-pokir.kedirikab.go.id/sidika/vendor/codeigniter4/framework/system/Config/BaseService.php(248): CodeIgniter\Config\Services::session()
#8 /var/www/vhosts/e-pokir.kedirikab.go.id/sidika/vendor/codeigniter4/framework/system/Common.php(909): CodeIgniter\Config\BaseService::__callStatic()
#9 /var/www/vhosts/e-pokir.kedirikab.go.id/sidika/vendor/myth/auth/src/Authentication/AuthenticationBase.php(134): session()
#10 /var/www/vhosts/e-pokir.kedirikab.go.id/sidika/vendor/myth/auth/src/Authentication/LocalAuthenticator.php(70): Myth\Auth\Authentication\AuthenticationBase->isLoggedIn()
#11 /var/www/vhosts/e-pokir.kedirikab.go.id/sidika/vendor/myth/auth/src/Filters/LoginFilter.php(44): Myth\Auth\Authentication\LocalAuthenticator->check()
#12 /var/www/vhosts/e-pokir.kedirikab.go.id/sidika/vendor/codeigniter4/framework/system/Filters/Filters.php(173): Myth\Auth\Filters\LoginFilter->before()
#13 /var/www/vhosts/e-pokir.kedirikab.go.id/sidika/vendor/codeigniter4/framework/system/CodeIgniter.php(384): CodeIgniter\Filters\Filters->run()
#14 /var/www/vhosts/e-pokir.kedirikab.go.id/sidika/vendor/codeigniter4/framework/system/CodeIgniter.php(318): CodeIgniter\CodeIgniter->handleRequest()
#15 /var/www/vhosts/e-pokir.kedirikab.go.id/sidika.e-pokir.kedirikab.go.id/index.php(38): CodeIgniter\CodeIgniter->run()
#16 {main}
CRITICAL - 2022-11-01 23:34:06 --> strtolower(): Passing null to parameter #1 ($string) of type string is deprecated
#0 [internal function]: CodeIgniter\Debug\Exceptions->errorHandler()
#1 /var/www/vhosts/e-pokir.kedirikab.go.id/sidika/vendor/codeigniter4/framework/system/Validation/FormatRules.php(253): strtolower()
#2 /var/www/vhosts/e-pokir.kedirikab.go.id/sidika/vendor/codeigniter4/framework/system/HTTP/RequestTrait.php(151): CodeIgniter\Validation\FormatRules->valid_ip()
#3 /var/www/vhosts/e-pokir.kedirikab.go.id/sidika/vendor/codeigniter4/framework/system/Config/Services.php(570): CodeIgniter\HTTP\Request->getIPAddress()
#4 /var/www/vhosts/e-pokir.kedirikab.go.id/sidika/vendor/codeigniter4/framework/system/Config/BaseService.php(248): CodeIgniter\Config\Services::session()
#5 /var/www/vhosts/e-pokir.kedirikab.go.id/sidika/vendor/codeigniter4/framework/system/Config/BaseService.php(189): CodeIgniter\Config\BaseService::__callStatic()
#6 /var/www/vhosts/e-pokir.kedirikab.go.id/sidika/vendor/codeigniter4/framework/system/Config/Services.php(563): CodeIgniter\Config\BaseService::getSharedInstance()
#7 /var/www/vhosts/e-pokir.kedirikab.go.id/sidika/vendor/codeigniter4/framework/system/Config/BaseService.php(248): CodeIgniter\Config\Services::session()
#8 /var/www/vhosts/e-pokir.kedirikab.go.id/sidika/vendor/codeigniter4/framework/system/Common.php(909): CodeIgniter\Config\BaseService::__callStatic()
#9 /var/www/vhosts/e-pokir.kedirikab.go.id/sidika/vendor/myth/auth/src/Authentication/AuthenticationBase.php(134): session()
#10 /var/www/vhosts/e-pokir.kedirikab.go.id/sidika/vendor/myth/auth/src/Authentication/LocalAuthenticator.php(70): Myth\Auth\Authentication\AuthenticationBase->isLoggedIn()
#11 /var/www/vhosts/e-pokir.kedirikab.go.id/sidika/vendor/myth/auth/src/Filters/LoginFilter.php(44): Myth\Auth\Authentication\LocalAuthenticator->check()
#12 /var/www/vhosts/e-pokir.kedirikab.go.id/sidika/vendor/codeigniter4/framework/system/Filters/Filters.php(173): Myth\Auth\Filters\LoginFilter->before()
#13 /var/www/vhosts/e-pokir.kedirikab.go.id/sidika/vendor/codeigniter4/framework/system/CodeIgniter.php(384): CodeIgniter\Filters\Filters->run()
#14 /var/www/vhosts/e-pokir.kedirikab.go.id/sidika/vendor/codeigniter4/framework/system/CodeIgniter.php(318): CodeIgniter\CodeIgniter->handleRequest()
#15 /var/www/vhosts/e-pokir.kedirikab.go.id/sidika.e-pokir.kedirikab.go.id/index.php(38): CodeIgniter\CodeIgniter->run()
#16 {main}
CRITICAL - 2022-11-01 23:34:06 --> strtolower(): Passing null to parameter #1 ($string) of type string is deprecated
#0 [internal function]: CodeIgniter\Debug\Exceptions->errorHandler()
#1 /var/www/vhosts/e-pokir.kedirikab.go.id/sidika/vendor/codeigniter4/framework/system/Validation/FormatRules.php(253): strtolower()
#2 /var/www/vhosts/e-pokir.kedirikab.go.id/sidika/vendor/codeigniter4/framework/system/HTTP/RequestTrait.php(151): CodeIgniter\Validation\FormatRules->valid_ip()
#3 /var/www/vhosts/e-pokir.kedirikab.go.id/sidika/vendor/codeigniter4/framework/system/Config/Services.php(570): CodeIgniter\HTTP\Request->getIPAddress()
#4 /var/www/vhosts/e-pokir.kedirikab.go.id/sidika/vendor/codeigniter4/framework/system/Config/BaseService.php(248): CodeIgniter\Config\Services::session()
#5 /var/www/vhosts/e-pokir.kedirikab.go.id/sidika/vendor/codeigniter4/framework/system/Config/BaseService.php(189): CodeIgniter\Config\BaseService::__callStatic()
#6 /var/www/vhosts/e-pokir.kedirikab.go.id/sidika/vendor/codeigniter4/framework/system/Config/Services.php(563): CodeIgniter\Config\BaseService::getSharedInstance()
#7 /var/www/vhosts/e-pokir.kedirikab.go.id/sidika/vendor/codeigniter4/framework/system/Config/BaseService.php(248): CodeIgniter\Config\Services::session()
#8 /var/www/vhosts/e-pokir.kedirikab.go.id/sidika/vendor/codeigniter4/framework/system/Common.php(909): CodeIgniter\Config\BaseService::__callStatic()
#9 /var/www/vhosts/e-pokir.kedirikab.go.id/sidika/vendor/myth/auth/src/Authentication/AuthenticationBase.php(134): session()
#10 /var/www/vhosts/e-pokir.kedirikab.go.id/sidika/vendor/myth/auth/src/Authentication/LocalAuthenticator.php(70): Myth\Auth\Authentication\AuthenticationBase->isLoggedIn()
#11 /var/www/vhosts/e-pokir.kedirikab.go.id/sidika/vendor/myth/auth/src/Filters/LoginFilter.php(44): Myth\Auth\Authentication\LocalAuthenticator->check()
#12 /var/www/vhosts/e-pokir.kedirikab.go.id/sidika/vendor/codeigniter4/framework/system/Filters/Filters.php(173): Myth\Auth\Filters\LoginFilter->before()
#13 /var/www/vhosts/e-pokir.kedirikab.go.id/sidika/vendor/codeigniter4/framework/system/CodeIgniter.php(384): CodeIgniter\Filters\Filters->run()
#14 /var/www/vhosts/e-pokir.kedirikab.go.id/sidika/vendor/codeigniter4/framework/system/CodeIgniter.php(318): CodeIgniter\CodeIgniter->handleRequest()
#15 /var/www/vhosts/e-pokir.kedirikab.go.id/sidika.e-pokir.kedirikab.go.id/index.php(38): CodeIgniter\CodeIgniter->run()
#16 {main}
CRITICAL - 2022-11-01 23:34:07 --> strtolower(): Passing null to parameter #1 ($string) of type string is deprecated
#0 [internal function]: CodeIgniter\Debug\Exceptions->errorHandler()
#1 /var/www/vhosts/e-pokir.kedirikab.go.id/sidika/vendor/codeigniter4/framework/system/Validation/FormatRules.php(253): strtolower()
#2 /var/www/vhosts/e-pokir.kedirikab.go.id/sidika/vendor/codeigniter4/framework/system/HTTP/RequestTrait.php(151): CodeIgniter\Validation\FormatRules->valid_ip()
#3 /var/www/vhosts/e-pokir.kedirikab.go.id/sidika/vendor/codeigniter4/framework/system/Config/Services.php(570): CodeIgniter\HTTP\Request->getIPAddress()
#4 /var/www/vhosts/e-pokir.kedirikab.go.id/sidika/vendor/codeigniter4/framework/system/Config/BaseService.php(248): CodeIgniter\Config\Services::session()
#5 /var/www/vhosts/e-pokir.kedirikab.go.id/sidika/vendor/codeigniter4/framework/system/Config/BaseService.php(189): CodeIgniter\Config\BaseService::__callStatic()
#6 /var/www/vhosts/e-pokir.kedirikab.go.id/sidika/vendor/codeigniter4/framework/system/Config/Services.php(563): CodeIgniter\Config\BaseService::getSharedInstance()
#7 /var/www/vhosts/e-pokir.kedirikab.go.id/sidika/vendor/codeigniter4/framework/system/Config/BaseService.php(248): CodeIgniter\Config\Services::session()
#8 /var/www/vhosts/e-pokir.kedirikab.go.id/sidika/vendor/codeigniter4/framework/system/Common.php(909): CodeIgniter\Config\BaseService::__callStatic()
#9 /var/www/vhosts/e-pokir.kedirikab.go.id/sidika/vendor/myth/auth/src/Authentication/AuthenticationBase.php(134): session()
#10 /var/www/vhosts/e-pokir.kedirikab.go.id/sidika/vendor/myth/auth/src/Authentication/LocalAuthenticator.php(70): Myth\Auth\Authentication\AuthenticationBase->isLoggedIn()
#11 /var/www/vhosts/e-pokir.kedirikab.go.id/sidika/vendor/myth/auth/src/Filters/LoginFilter.php(44): Myth\Auth\Authentication\LocalAuthenticator->check()
#12 /var/www/vhosts/e-pokir.kedirikab.go.id/sidika/vendor/codeigniter4/framework/system/Filters/Filters.php(173): Myth\Auth\Filters\LoginFilter->before()
#13 /var/www/vhosts/e-pokir.kedirikab.go.id/sidika/vendor/codeigniter4/framework/system/CodeIgniter.php(384): CodeIgniter\Filters\Filters->run()
#14 /var/www/vhosts/e-pokir.kedirikab.go.id/sidika/vendor/codeigniter4/framework/system/CodeIgniter.php(318): CodeIgniter\CodeIgniter->handleRequest()
#15 /var/www/vhosts/e-pokir.kedirikab.go.id/sidika.e-pokir.kedirikab.go.id/index.php(38): CodeIgniter\CodeIgniter->run()
#16 {main}
CRITICAL - 2022-11-01 23:34:07 --> strtolower(): Passing null to parameter #1 ($string) of type string is deprecated
#0 [internal function]: CodeIgniter\Debug\Exceptions->errorHandler()
#1 /var/www/vhosts/e-pokir.kedirikab.go.id/sidika/vendor/codeigniter4/framework/system/Validation/FormatRules.php(253): strtolower()
#2 /var/www/vhosts/e-pokir.kedirikab.go.id/sidika/vendor/codeigniter4/framework/system/HTTP/RequestTrait.php(151): CodeIgniter\Validation\FormatRules->valid_ip()
#3 /var/www/vhosts/e-pokir.kedirikab.go.id/sidika/vendor/codeigniter4/framework/system/Config/Services.php(570): CodeIgniter\HTTP\Request->getIPAddress()
#4 /var/www/vhosts/e-pokir.kedirikab.go.id/sidika/vendor/codeigniter4/framework/system/Config/BaseService.php(248): CodeIgniter\Config\Services::session()
#5 /var/www/vhosts/e-pokir.kedirikab.go.id/sidika/vendor/codeigniter4/framework/system/Config/BaseService.php(189): CodeIgniter\Config\BaseService::__callStatic()
#6 /var/www/vhosts/e-pokir.kedirikab.go.id/sidika/vendor/codeigniter4/framework/system/Config/Services.php(563): CodeIgniter\Config\BaseService::getSharedInstance()
#7 /var/www/vhosts/e-pokir.kedirikab.go.id/sidika/vendor/codeigniter4/framework/system/Config/BaseService.php(248): CodeIgniter\Config\Services::session()
#8 /var/www/vhosts/e-pokir.kedirikab.go.id/sidika/vendor/codeigniter4/framework/system/Common.php(909): CodeIgniter\Config\BaseService::__callStatic()
#9 /var/www/vhosts/e-pokir.kedirikab.go.id/sidika/vendor/myth/auth/src/Authentication/AuthenticationBase.php(134): session()
#10 /var/www/vhosts/e-pokir.kedirikab.go.id/sidika/vendor/myth/auth/src/Authentication/LocalAuthenticator.php(70): Myth\Auth\Authentication\AuthenticationBase->isLoggedIn()
#11 /var/www/vhosts/e-pokir.kedirikab.go.id/sidika/vendor/myth/auth/src/Filters/LoginFilter.php(44): Myth\Auth\Authentication\LocalAuthenticator->check()
#12 /var/www/vhosts/e-pokir.kedirikab.go.id/sidika/vendor/codeigniter4/framework/system/Filters/Filters.php(173): Myth\Auth\Filters\LoginFilter->before()
#13 /var/www/vhosts/e-pokir.kedirikab.go.id/sidika/vendor/codeigniter4/framework/system/CodeIgniter.php(384): CodeIgniter\Filters\Filters->run()
#14 /var/www/vhosts/e-pokir.kedirikab.go.id/sidika/vendor/codeigniter4/framework/system/CodeIgniter.php(318): CodeIgniter\CodeIgniter->handleRequest()
#15 /var/www/vhosts/e-pokir.kedirikab.go.id/sidika.e-pokir.kedirikab.go.id/index.php(38): CodeIgniter\CodeIgniter->run()
#16 {main}
CRITICAL - 2022-11-01 23:34:07 --> strtolower(): Passing null to parameter #1 ($string) of type string is deprecated
#0 [internal function]: CodeIgniter\Debug\Exceptions->errorHandler()
#1 /var/www/vhosts/e-pokir.kedirikab.go.id/sidika/vendor/codeigniter4/framework/system/Validation/FormatRules.php(253): strtolower()
#2 /var/www/vhosts/e-pokir.kedirikab.go.id/sidika/vendor/codeigniter4/framework/system/HTTP/RequestTrait.php(151): CodeIgniter\Validation\FormatRules->valid_ip()
#3 /var/www/vhosts/e-pokir.kedirikab.go.id/sidika/vendor/codeigniter4/framework/system/Config/Services.php(570): CodeIgniter\HTTP\Request->getIPAddress()
#4 /var/www/vhosts/e-pokir.kedirikab.go.id/sidika/vendor/codeigniter4/framework/system/Config/BaseService.php(248): CodeIgniter\Config\Services::session()
#5 /var/www/vhosts/e-pokir.kedirikab.go.id/sidika/vendor/codeigniter4/framework/system/Config/BaseService.php(189): CodeIgniter\Config\BaseService::__callStatic()
#6 /var/www/vhosts/e-pokir.kedirikab.go.id/sidika/vendor/codeigniter4/framework/system/Config/Services.php(563): CodeIgniter\Config\BaseService::getSharedInstance()
#7 /var/www/vhosts/e-pokir.kedirikab.go.id/sidika/vendor/codeigniter4/framework/system/Config/BaseService.php(248): CodeIgniter\Config\Services::session()
#8 /var/www/vhosts/e-pokir.kedirikab.go.id/sidika/vendor/codeigniter4/framework/system/Common.php(909): CodeIgniter\Config\BaseService::__callStatic()
#9 /var/www/vhosts/e-pokir.kedirikab.go.id/sidika/vendor/myth/auth/src/Authentication/AuthenticationBase.php(134): session()
#10 /var/www/vhosts/e-pokir.kedirikab.go.id/sidika/vendor/myth/auth/src/Authentication/LocalAuthenticator.php(70): Myth\Auth\Authentication\AuthenticationBase->isLoggedIn()
#11 /var/www/vhosts/e-pokir.kedirikab.go.id/sidika/vendor/myth/auth/src/Filters/LoginFilter.php(44): Myth\Auth\Authentication\LocalAuthenticator->check()
#12 /var/www/vhosts/e-pokir.kedirikab.go.id/sidika/vendor/codeigniter4/framework/system/Filters/Filters.php(173): Myth\Auth\Filters\LoginFilter->before()
#13 /var/www/vhosts/e-pokir.kedirikab.go.id/sidika/vendor/codeigniter4/framework/system/CodeIgniter.php(384): CodeIgniter\Filters\Filters->run()
#14 /var/www/vhosts/e-pokir.kedirikab.go.id/sidika/vendor/codeigniter4/framework/system/CodeIgniter.php(318): CodeIgniter\CodeIgniter->handleRequest()
#15 /var/www/vhosts/e-pokir.kedirikab.go.id/sidika.e-pokir.kedirikab.go.id/index.php(38): CodeIgniter\CodeIgniter->run()
#16 {main}
CRITICAL - 2022-11-01 23:34:08 --> strtolower(): Passing null to parameter #1 ($string) of type string is deprecated
#0 [internal function]: CodeIgniter\Debug\Exceptions->errorHandler()
#1 /var/www/vhosts/e-pokir.kedirikab.go.id/sidika/vendor/codeigniter4/framework/system/Validation/FormatRules.php(253): strtolower()
#2 /var/www/vhosts/e-pokir.kedirikab.go.id/sidika/vendor/codeigniter4/framework/system/HTTP/RequestTrait.php(151): CodeIgniter\Validation\FormatRules->valid_ip()
#3 /var/www/vhosts/e-pokir.kedirikab.go.id/sidika/vendor/codeigniter4/framework/system/Config/Services.php(570): CodeIgniter\HTTP\Request->getIPAddress()
#4 /var/www/vhosts/e-pokir.kedirikab.go.id/sidika/vendor/codeigniter4/framework/system/Config/BaseService.php(248): CodeIgniter\Config\Services::session()
#5 /var/www/vhosts/e-pokir.kedirikab.go.id/sidika/vendor/codeigniter4/framework/system/Config/BaseService.php(189): CodeIgniter\Config\BaseService::__callStatic()
#6 /var/www/vhosts/e-pokir.kedirikab.go.id/sidika/vendor/codeigniter4/framework/system/Config/Services.php(563): CodeIgniter\Config\BaseService::getSharedInstance()
#7 /var/www/vhosts/e-pokir.kedirikab.go.id/sidika/vendor/codeigniter4/framework/system/Config/BaseService.php(248): CodeIgniter\Config\Services::session()
#8 /var/www/vhosts/e-pokir.kedirikab.go.id/sidika/vendor/codeigniter4/framework/system/Common.php(909): CodeIgniter\Config\BaseService::__callStatic()
#9 /var/www/vhosts/e-pokir.kedirikab.go.id/sidika/vendor/myth/auth/src/Authentication/AuthenticationBase.php(134): session()
#10 /var/www/vhosts/e-pokir.kedirikab.go.id/sidika/vendor/myth/auth/src/Authentication/LocalAuthenticator.php(70): Myth\Auth\Authentication\AuthenticationBase->isLoggedIn()
#11 /var/www/vhosts/e-pokir.kedirikab.go.id/sidika/vendor/myth/auth/src/Filters/LoginFilter.php(44): Myth\Auth\Authentication\LocalAuthenticator->check()
#12 /var/www/vhosts/e-pokir.kedirikab.go.id/sidika/vendor/codeigniter4/framework/system/Filters/Filters.php(173): Myth\Auth\Filters\LoginFilter->before()
#13 /var/www/vhosts/e-pokir.kedirikab.go.id/sidika/vendor/codeigniter4/framework/system/CodeIgniter.php(384): CodeIgniter\Filters\Filters->run()
#14 /var/www/vhosts/e-pokir.kedirikab.go.id/sidika/vendor/codeigniter4/framework/system/CodeIgniter.php(318): CodeIgniter\CodeIgniter->handleRequest()
#15 /var/www/vhosts/e-pokir.kedirikab.go.id/sidika.e-pokir.kedirikab.go.id/index.php(38): CodeIgniter\CodeIgniter->run()
#16 {main}
CRITICAL - 2022-11-01 23:34:08 --> strtolower(): Passing null to parameter #1 ($string) of type string is deprecated
#0 [internal function]: CodeIgniter\Debug\Exceptions->errorHandler()
#1 /var/www/vhosts/e-pokir.kedirikab.go.id/sidika/vendor/codeigniter4/framework/system/Validation/FormatRules.php(253): strtolower()
#2 /var/www/vhosts/e-pokir.kedirikab.go.id/sidika/vendor/codeigniter4/framework/system/HTTP/RequestTrait.php(151): CodeIgniter\Validation\FormatRules->valid_ip()
#3 /var/www/vhosts/e-pokir.kedirikab.go.id/sidika/vendor/codeigniter4/framework/system/Config/Services.php(570): CodeIgniter\HTTP\Request->getIPAddress()
#4 /var/www/vhosts/e-pokir.kedirikab.go.id/sidika/vendor/codeigniter4/framework/system/Config/BaseService.php(248): CodeIgniter\Config\Services::session()
#5 /var/www/vhosts/e-pokir.kedirikab.go.id/sidika/vendor/codeigniter4/framework/system/Config/BaseService.php(189): CodeIgniter\Config\BaseService::__callStatic()
#6 /var/www/vhosts/e-pokir.kedirikab.go.id/sidika/vendor/codeigniter4/framework/system/Config/Services.php(563): CodeIgniter\Config\BaseService::getSharedInstance()
#7 /var/www/vhosts/e-pokir.kedirikab.go.id/sidika/vendor/codeigniter4/framework/system/Config/BaseService.php(248): CodeIgniter\Config\Services::session()
#8 /var/www/vhosts/e-pokir.kedirikab.go.id/sidika/vendor/codeigniter4/framework/system/Common.php(909): CodeIgniter\Config\BaseService::__callStatic()
#9 /var/www/vhosts/e-pokir.kedirikab.go.id/sidika/vendor/myth/auth/src/Authentication/AuthenticationBase.php(134): session()
#10 /var/www/vhosts/e-pokir.kedirikab.go.id/sidika/vendor/myth/auth/src/Authentication/LocalAuthenticator.php(70): Myth\Auth\Authentication\AuthenticationBase->isLoggedIn()
#11 /var/www/vhosts/e-pokir.kedirikab.go.id/sidika/vendor/myth/auth/src/Filters/LoginFilter.php(44): Myth\Auth\Authentication\LocalAuthenticator->check()
#12 /var/www/vhosts/e-pokir.kedirikab.go.id/sidika/vendor/codeigniter4/framework/system/Filters/Filters.php(173): Myth\Auth\Filters\LoginFilter->before()
#13 /var/www/vhosts/e-pokir.kedirikab.go.id/sidika/vendor/codeigniter4/framework/system/CodeIgniter.php(384): CodeIgniter\Filters\Filters->run()
#14 /var/www/vhosts/e-pokir.kedirikab.go.id/sidika/vendor/codeigniter4/framework/system/CodeIgniter.php(318): CodeIgniter\CodeIgniter->handleRequest()
#15 /var/www/vhosts/e-pokir.kedirikab.go.id/sidika.e-pokir.kedirikab.go.id/index.php(38): CodeIgniter\CodeIgniter->run()
#16 {main}
CRITICAL - 2022-11-01 23:34:08 --> strtolower(): Passing null to parameter #1 ($string) of type string is deprecated
#0 [internal function]: CodeIgniter\Debug\Exceptions->errorHandler()
#1 /var/www/vhosts/e-pokir.kedirikab.go.id/sidika/vendor/codeigniter4/framework/system/Validation/FormatRules.php(253): strtolower()
#2 /var/www/vhosts/e-pokir.kedirikab.go.id/sidika/vendor/codeigniter4/framework/system/HTTP/RequestTrait.php(151): CodeIgniter\Validation\FormatRules->valid_ip()
#3 /var/www/vhosts/e-pokir.kedirikab.go.id/sidika/vendor/codeigniter4/framework/system/Config/Services.php(570): CodeIgniter\HTTP\Request->getIPAddress()
#4 /var/www/vhosts/e-pokir.kedirikab.go.id/sidika/vendor/codeigniter4/framework/system/Config/BaseService.php(248): CodeIgniter\Config\Services::session()
#5 /var/www/vhosts/e-pokir.kedirikab.go.id/sidika/vendor/codeigniter4/framework/system/Config/BaseService.php(189): CodeIgniter\Config\BaseService::__callStatic()
#6 /var/www/vhosts/e-pokir.kedirikab.go.id/sidika/vendor/codeigniter4/framework/system/Config/Services.php(563): CodeIgniter\Config\BaseService::getSharedInstance()
#7 /var/www/vhosts/e-pokir.kedirikab.go.id/sidika/vendor/codeigniter4/framework/system/Config/BaseService.php(248): CodeIgniter\Config\Services::session()
#8 /var/www/vhosts/e-pokir.kedirikab.go.id/sidika/vendor/codeigniter4/framework/system/Common.php(909): CodeIgniter\Config\BaseService::__callStatic()
#9 /var/www/vhosts/e-pokir.kedirikab.go.id/sidika/vendor/myth/auth/src/Authentication/AuthenticationBase.php(134): session()
#10 /var/www/vhosts/e-pokir.kedirikab.go.id/sidika/vendor/myth/auth/src/Authentication/LocalAuthenticator.php(70): Myth\Auth\Authentication\AuthenticationBase->isLoggedIn()
#11 /var/www/vhosts/e-pokir.kedirikab.go.id/sidika/vendor/myth/auth/src/Filters/LoginFilter.php(44): Myth\Auth\Authentication\LocalAuthenticator->check()
#12 /var/www/vhosts/e-pokir.kedirikab.go.id/sidika/vendor/codeigniter4/framework/system/Filters/Filters.php(173): Myth\Auth\Filters\LoginFilter->before()
#13 /var/www/vhosts/e-pokir.kedirikab.go.id/sidika/vendor/codeigniter4/framework/system/CodeIgniter.php(384): CodeIgniter\Filters\Filters->run()
#14 /var/www/vhosts/e-pokir.kedirikab.go.id/sidika/vendor/codeigniter4/framework/system/CodeIgniter.php(318): CodeIgniter\CodeIgniter->handleRequest()
#15 /var/www/vhosts/e-pokir.kedirikab.go.id/sidika.e-pokir.kedirikab.go.id/index.php(38): CodeIgniter\CodeIgniter->run()
#16 {main}
CRITICAL - 2022-11-01 23:34:08 --> strtolower(): Passing null to parameter #1 ($string) of type string is deprecated
#0 [internal function]: CodeIgniter\Debug\Exceptions->errorHandler()
#1 /var/www/vhosts/e-pokir.kedirikab.go.id/sidika/vendor/codeigniter4/framework/system/Validation/FormatRules.php(253): strtolower()
#2 /var/www/vhosts/e-pokir.kedirikab.go.id/sidika/vendor/codeigniter4/framework/system/HTTP/RequestTrait.php(151): CodeIgniter\Validation\FormatRules->valid_ip()
#3 /var/www/vhosts/e-pokir.kedirikab.go.id/sidika/vendor/codeigniter4/framework/system/Config/Services.php(570): CodeIgniter\HTTP\Request->getIPAddress()
#4 /var/www/vhosts/e-pokir.kedirikab.go.id/sidika/vendor/codeigniter4/framework/system/Config/BaseService.php(248): CodeIgniter\Config\Services::session()
#5 /var/www/vhosts/e-pokir.kedirikab.go.id/sidika/vendor/codeigniter4/framework/system/Config/BaseService.php(189): CodeIgniter\Config\BaseService::__callStatic()
#6 /var/www/vhosts/e-pokir.kedirikab.go.id/sidika/vendor/codeigniter4/framework/system/Config/Services.php(563): CodeIgniter\Config\BaseService::getSharedInstance()
#7 /var/www/vhosts/e-pokir.kedirikab.go.id/sidika/vendor/codeigniter4/framework/system/Config/BaseService.php(248): CodeIgniter\Config\Services::session()
#8 /var/www/vhosts/e-pokir.kedirikab.go.id/sidika/vendor/codeigniter4/framework/system/Common.php(909): CodeIgniter\Config\BaseService::__callStatic()
#9 /var/www/vhosts/e-pokir.kedirikab.go.id/sidika/vendor/myth/auth/src/Authentication/AuthenticationBase.php(134): session()
#10 /var/www/vhosts/e-pokir.kedirikab.go.id/sidika/vendor/myth/auth/src/Authentication/LocalAuthenticator.php(70): Myth\Auth\Authentication\AuthenticationBase->isLoggedIn()
#11 /var/www/vhosts/e-pokir.kedirikab.go.id/sidika/vendor/myth/auth/src/Filters/LoginFilter.php(44): Myth\Auth\Authentication\LocalAuthenticator->check()
#12 /var/www/vhosts/e-pokir.kedirikab.go.id/sidika/vendor/codeigniter4/framework/system/Filters/Filters.php(173): Myth\Auth\Filters\LoginFilter->before()
#13 /var/www/vhosts/e-pokir.kedirikab.go.id/sidika/vendor/codeigniter4/framework/system/CodeIgniter.php(384): CodeIgniter\Filters\Filters->run()
#14 /var/www/vhosts/e-pokir.kedirikab.go.id/sidika/vendor/codeigniter4/framework/system/CodeIgniter.php(318): CodeIgniter\CodeIgniter->handleRequest()
#15 /var/www/vhosts/e-pokir.kedirikab.go.id/sidika.e-pokir.kedirikab.go.id/index.php(38): CodeIgniter\CodeIgniter->run()
#16 {main}
CRITICAL - 2022-11-01 23:34:09 --> strtolower(): Passing null to parameter #1 ($string) of type string is deprecated
#0 [internal function]: CodeIgniter\Debug\Exceptions->errorHandler()
#1 /var/www/vhosts/e-pokir.kedirikab.go.id/sidika/vendor/codeigniter4/framework/system/Validation/FormatRules.php(253): strtolower()
#2 /var/www/vhosts/e-pokir.kedirikab.go.id/sidika/vendor/codeigniter4/framework/system/HTTP/RequestTrait.php(151): CodeIgniter\Validation\FormatRules->valid_ip()
#3 /var/www/vhosts/e-pokir.kedirikab.go.id/sidika/vendor/codeigniter4/framework/system/Config/Services.php(570): CodeIgniter\HTTP\Request->getIPAddress()
#4 /var/www/vhosts/e-pokir.kedirikab.go.id/sidika/vendor/codeigniter4/framework/system/Config/BaseService.php(248): CodeIgniter\Config\Services::session()
#5 /var/www/vhosts/e-pokir.kedirikab.go.id/sidika/vendor/codeigniter4/framework/system/Config/BaseService.php(189): CodeIgniter\Config\BaseService::__callStatic()
#6 /var/www/vhosts/e-pokir.kedirikab.go.id/sidika/vendor/codeigniter4/framework/system/Config/Services.php(563): CodeIgniter\Config\BaseService::getSharedInstance()
#7 /var/www/vhosts/e-pokir.kedirikab.go.id/sidika/vendor/codeigniter4/framework/system/Config/BaseService.php(248): CodeIgniter\Config\Services::session()
#8 /var/www/vhosts/e-pokir.kedirikab.go.id/sidika/vendor/codeigniter4/framework/system/Common.php(909): CodeIgniter\Config\BaseService::__callStatic()
#9 /var/www/vhosts/e-pokir.kedirikab.go.id/sidika/vendor/myth/auth/src/Authentication/AuthenticationBase.php(134): session()
#10 /var/www/vhosts/e-pokir.kedirikab.go.id/sidika/vendor/myth/auth/src/Authentication/LocalAuthenticator.php(70): Myth\Auth\Authentication\AuthenticationBase->isLoggedIn()
#11 /var/www/vhosts/e-pokir.kedirikab.go.id/sidika/vendor/myth/auth/src/Filters/LoginFilter.php(44): Myth\Auth\Authentication\LocalAuthenticator->check()
#12 /var/www/vhosts/e-pokir.kedirikab.go.id/sidika/vendor/codeigniter4/framework/system/Filters/Filters.php(173): Myth\Auth\Filters\LoginFilter->before()
#13 /var/www/vhosts/e-pokir.kedirikab.go.id/sidika/vendor/codeigniter4/framework/system/CodeIgniter.php(384): CodeIgniter\Filters\Filters->run()
#14 /var/www/vhosts/e-pokir.kedirikab.go.id/sidika/vendor/codeigniter4/framework/system/CodeIgniter.php(318): CodeIgniter\CodeIgniter->handleRequest()
#15 /var/www/vhosts/e-pokir.kedirikab.go.id/sidika.e-pokir.kedirikab.go.id/index.php(38): CodeIgniter\CodeIgniter->run()
#16 {main}
CRITICAL - 2022-11-01 23:34:09 --> strtolower(): Passing null to parameter #1 ($string) of type string is deprecated
#0 [internal function]: CodeIgniter\Debug\Exceptions->errorHandler()
#1 /var/www/vhosts/e-pokir.kedirikab.go.id/sidika/vendor/codeigniter4/framework/system/Validation/FormatRules.php(253): strtolower()
#2 /var/www/vhosts/e-pokir.kedirikab.go.id/sidika/vendor/codeigniter4/framework/system/HTTP/RequestTrait.php(151): CodeIgniter\Validation\FormatRules->valid_ip()
#3 /var/www/vhosts/e-pokir.kedirikab.go.id/sidika/vendor/codeigniter4/framework/system/Config/Services.php(570): CodeIgniter\HTTP\Request->getIPAddress()
#4 /var/www/vhosts/e-pokir.kedirikab.go.id/sidika/vendor/codeigniter4/framework/system/Config/BaseService.php(248): CodeIgniter\Config\Services::session()
#5 /var/www/vhosts/e-pokir.kedirikab.go.id/sidika/vendor/codeigniter4/framework/system/Config/BaseService.php(189): CodeIgniter\Config\BaseService::__callStatic()
#6 /var/www/vhosts/e-pokir.kedirikab.go.id/sidika/vendor/codeigniter4/framework/system/Config/Services.php(563): CodeIgniter\Config\BaseService::getSharedInstance()
#7 /var/www/vhosts/e-pokir.kedirikab.go.id/sidika/vendor/codeigniter4/framework/system/Config/BaseService.php(248): CodeIgniter\Config\Services::session()
#8 /var/www/vhosts/e-pokir.kedirikab.go.id/sidika/vendor/codeigniter4/framework/system/Common.php(909): CodeIgniter\Config\BaseService::__callStatic()
#9 /var/www/vhosts/e-pokir.kedirikab.go.id/sidika/vendor/myth/auth/src/Authentication/AuthenticationBase.php(134): session()
#10 /var/www/vhosts/e-pokir.kedirikab.go.id/sidika/vendor/myth/auth/src/Authentication/LocalAuthenticator.php(70): Myth\Auth\Authentication\AuthenticationBase->isLoggedIn()
#11 /var/www/vhosts/e-pokir.kedirikab.go.id/sidika/vendor/myth/auth/src/Filters/LoginFilter.php(44): Myth\Auth\Authentication\LocalAuthenticator->check()
#12 /var/www/vhosts/e-pokir.kedirikab.go.id/sidika/vendor/codeigniter4/framework/system/Filters/Filters.php(173): Myth\Auth\Filters\LoginFilter->before()
#13 /var/www/vhosts/e-pokir.kedirikab.go.id/sidika/vendor/codeigniter4/framework/system/CodeIgniter.php(384): CodeIgniter\Filters\Filters->run()
#14 /var/www/vhosts/e-pokir.kedirikab.go.id/sidika/vendor/codeigniter4/framework/system/CodeIgniter.php(318): CodeIgniter\CodeIgniter->handleRequest()
#15 /var/www/vhosts/e-pokir.kedirikab.go.id/sidika.e-pokir.kedirikab.go.id/index.php(38): CodeIgniter\CodeIgniter->run()
#16 {main}
CRITICAL - 2022-11-01 23:34:09 --> strtolower(): Passing null to parameter #1 ($string) of type string is deprecated
#0 [internal function]: CodeIgniter\Debug\Exceptions->errorHandler()
#1 /var/www/vhosts/e-pokir.kedirikab.go.id/sidika/vendor/codeigniter4/framework/system/Validation/FormatRules.php(253): strtolower()
#2 /var/www/vhosts/e-pokir.kedirikab.go.id/sidika/vendor/codeigniter4/framework/system/HTTP/RequestTrait.php(151): CodeIgniter\Validation\FormatRules->valid_ip()
#3 /var/www/vhosts/e-pokir.kedirikab.go.id/sidika/vendor/codeigniter4/framework/system/Config/Services.php(570): CodeIgniter\HTTP\Request->getIPAddress()
#4 /var/www/vhosts/e-pokir.kedirikab.go.id/sidika/vendor/codeigniter4/framework/system/Config/BaseService.php(248): CodeIgniter\Config\Services::session()
#5 /var/www/vhosts/e-pokir.kedirikab.go.id/sidika/vendor/codeigniter4/framework/system/Config/BaseService.php(189): CodeIgniter\Config\BaseService::__callStatic()
#6 /var/www/vhosts/e-pokir.kedirikab.go.id/sidika/vendor/codeigniter4/framework/system/Config/Services.php(563): CodeIgniter\Config\BaseService::getSharedInstance()
#7 /var/www/vhosts/e-pokir.kedirikab.go.id/sidika/vendor/codeigniter4/framework/system/Config/BaseService.php(248): CodeIgniter\Config\Services::session()
#8 /var/www/vhosts/e-pokir.kedirikab.go.id/sidika/vendor/codeigniter4/framework/system/Common.php(909): CodeIgniter\Config\BaseService::__callStatic()
#9 /var/www/vhosts/e-pokir.kedirikab.go.id/sidika/vendor/myth/auth/src/Authentication/AuthenticationBase.php(134): session()
#10 /var/www/vhosts/e-pokir.kedirikab.go.id/sidika/vendor/myth/auth/src/Authentication/LocalAuthenticator.php(70): Myth\Auth\Authentication\AuthenticationBase->isLoggedIn()
#11 /var/www/vhosts/e-pokir.kedirikab.go.id/sidika/vendor/myth/auth/src/Filters/LoginFilter.php(44): Myth\Auth\Authentication\LocalAuthenticator->check()
#12 /var/www/vhosts/e-pokir.kedirikab.go.id/sidika/vendor/codeigniter4/framework/system/Filters/Filters.php(173): Myth\Auth\Filters\LoginFilter->before()
#13 /var/www/vhosts/e-pokir.kedirikab.go.id/sidika/vendor/codeigniter4/framework/system/CodeIgniter.php(384): CodeIgniter\Filters\Filters->run()
#14 /var/www/vhosts/e-pokir.kedirikab.go.id/sidika/vendor/codeigniter4/framework/system/CodeIgniter.php(318): CodeIgniter\CodeIgniter->handleRequest()
#15 /var/www/vhosts/e-pokir.kedirikab.go.id/sidika.e-pokir.kedirikab.go.id/index.php(38): CodeIgniter\CodeIgniter->run()
#16 {main}
CRITICAL - 2022-11-01 23:34:09 --> strtolower(): Passing null to parameter #1 ($string) of type string is deprecated
#0 [internal function]: CodeIgniter\Debug\Exceptions->errorHandler()
#1 /var/www/vhosts/e-pokir.kedirikab.go.id/sidika/vendor/codeigniter4/framework/system/Validation/FormatRules.php(253): strtolower()
#2 /var/www/vhosts/e-pokir.kedirikab.go.id/sidika/vendor/codeigniter4/framework/system/HTTP/RequestTrait.php(151): CodeIgniter\Validation\FormatRules->valid_ip()
#3 /var/www/vhosts/e-pokir.kedirikab.go.id/sidika/vendor/codeigniter4/framework/system/Config/Services.php(570): CodeIgniter\HTTP\Request->getIPAddress()
#4 /var/www/vhosts/e-pokir.kedirikab.go.id/sidika/vendor/codeigniter4/framework/system/Config/BaseService.php(248): CodeIgniter\Config\Services::session()
#5 /var/www/vhosts/e-pokir.kedirikab.go.id/sidika/vendor/codeigniter4/framework/system/Config/BaseService.php(189): CodeIgniter\Config\BaseService::__callStatic()
#6 /var/www/vhosts/e-pokir.kedirikab.go.id/sidika/vendor/codeigniter4/framework/system/Config/Services.php(563): CodeIgniter\Config\BaseService::getSharedInstance()
#7 /var/www/vhosts/e-pokir.kedirikab.go.id/sidika/vendor/codeigniter4/framework/system/Config/BaseService.php(248): CodeIgniter\Config\Services::session()
#8 /var/www/vhosts/e-pokir.kedirikab.go.id/sidika/vendor/codeigniter4/framework/system/Common.php(909): CodeIgniter\Config\BaseService::__callStatic()
#9 /var/www/vhosts/e-pokir.kedirikab.go.id/sidika/vendor/myth/auth/src/Authentication/AuthenticationBase.php(134): session()
#10 /var/www/vhosts/e-pokir.kedirikab.go.id/sidika/vendor/myth/auth/src/Authentication/LocalAuthenticator.php(70): Myth\Auth\Authentication\AuthenticationBase->isLoggedIn()
#11 /var/www/vhosts/e-pokir.kedirikab.go.id/sidika/vendor/myth/auth/src/Filters/LoginFilter.php(44): Myth\Auth\Authentication\LocalAuthenticator->check()
#12 /var/www/vhosts/e-pokir.kedirikab.go.id/sidika/vendor/codeigniter4/framework/system/Filters/Filters.php(173): Myth\Auth\Filters\LoginFilter->before()
#13 /var/www/vhosts/e-pokir.kedirikab.go.id/sidika/vendor/codeigniter4/framework/system/CodeIgniter.php(384): CodeIgniter\Filters\Filters->run()
#14 /var/www/vhosts/e-pokir.kedirikab.go.id/sidika/vendor/codeigniter4/framework/system/CodeIgniter.php(318): CodeIgniter\CodeIgniter->handleRequest()
#15 /var/www/vhosts/e-pokir.kedirikab.go.id/sidika.e-pokir.kedirikab.go.id/index.php(38): CodeIgniter\CodeIgniter->run()
#16 {main}
CRITICAL - 2022-11-01 23:37:09 --> Invalid file: Myth\Auth\Views\loginview.php
#0 /var/www/vhosts/e-pokir.kedirikab.go.id/sidika/vendor/codeigniter4/framework/system/View/View.php(198): CodeIgniter\Exceptions\FrameworkException::forInvalidFile()
#1 /var/www/vhosts/e-pokir.kedirikab.go.id/sidika/vendor/codeigniter4/framework/system/Common.php(1097): CodeIgniter\View\View->render()
#2 /var/www/vhosts/e-pokir.kedirikab.go.id/sidika/vendor/myth/auth/src/Controllers/AuthController.php(402): view()
#3 /var/www/vhosts/e-pokir.kedirikab.go.id/sidika/vendor/myth/auth/src/Controllers/AuthController.php(58): Myth\Auth\Controllers\AuthController->_render()
#4 /var/www/vhosts/e-pokir.kedirikab.go.id/sidika/vendor/codeigniter4/framework/system/CodeIgniter.php(824): Myth\Auth\Controllers\AuthController->login()
#5 /var/www/vhosts/e-pokir.kedirikab.go.id/sidika/vendor/codeigniter4/framework/system/CodeIgniter.php(410): CodeIgniter\CodeIgniter->runController()
#6 /var/www/vhosts/e-pokir.kedirikab.go.id/sidika/vendor/codeigniter4/framework/system/CodeIgniter.php(318): CodeIgniter\CodeIgniter->handleRequest()
#7 /var/www/vhosts/e-pokir.kedirikab.go.id/sidika.e-pokir.kedirikab.go.id/index.php(38): CodeIgniter\CodeIgniter->run()
#8 {main}
CRITICAL - 2022-11-01 23:37:10 --> Invalid file: Myth\Auth\Views\loginview.php
#0 /var/www/vhosts/e-pokir.kedirikab.go.id/sidika/vendor/codeigniter4/framework/system/View/View.php(198): CodeIgniter\Exceptions\FrameworkException::forInvalidFile()
#1 /var/www/vhosts/e-pokir.kedirikab.go.id/sidika/vendor/codeigniter4/framework/system/Common.php(1097): CodeIgniter\View\View->render()
#2 /var/www/vhosts/e-pokir.kedirikab.go.id/sidika/vendor/myth/auth/src/Controllers/AuthController.php(402): view()
#3 /var/www/vhosts/e-pokir.kedirikab.go.id/sidika/vendor/myth/auth/src/Controllers/AuthController.php(58): Myth\Auth\Controllers\AuthController->_render()
#4 /var/www/vhosts/e-pokir.kedirikab.go.id/sidika/vendor/codeigniter4/framework/system/CodeIgniter.php(824): Myth\Auth\Controllers\AuthController->login()
#5 /var/www/vhosts/e-pokir.kedirikab.go.id/sidika/vendor/codeigniter4/framework/system/CodeIgniter.php(410): CodeIgniter\CodeIgniter->runController()
#6 /var/www/vhosts/e-pokir.kedirikab.go.id/sidika/vendor/codeigniter4/framework/system/CodeIgniter.php(318): CodeIgniter\CodeIgniter->handleRequest()
#7 /var/www/vhosts/e-pokir.kedirikab.go.id/sidika.e-pokir.kedirikab.go.id/index.php(38): CodeIgniter\CodeIgniter->run()
#8 {main}
CRITICAL - 2022-11-01 23:37:13 --> Invalid file: Myth\Auth\Views\loginview.php
#0 /var/www/vhosts/e-pokir.kedirikab.go.id/sidika/vendor/codeigniter4/framework/system/View/View.php(198): CodeIgniter\Exceptions\FrameworkException::forInvalidFile()
#1 /var/www/vhosts/e-pokir.kedirikab.go.id/sidika/vendor/codeigniter4/framework/system/Common.php(1097): CodeIgniter\View\View->render()
#2 /var/www/vhosts/e-pokir.kedirikab.go.id/sidika/vendor/myth/auth/src/Controllers/AuthController.php(402): view()
#3 /var/www/vhosts/e-pokir.kedirikab.go.id/sidika/vendor/myth/auth/src/Controllers/AuthController.php(58): Myth\Auth\Controllers\AuthController->_render()
#4 /var/www/vhosts/e-pokir.kedirikab.go.id/sidika/vendor/codeigniter4/framework/system/CodeIgniter.php(824): Myth\Auth\Controllers\AuthController->login()
#5 /var/www/vhosts/e-pokir.kedirikab.go.id/sidika/vendor/codeigniter4/framework/system/CodeIgniter.php(410): CodeIgniter\CodeIgniter->runController()
#6 /var/www/vhosts/e-pokir.kedirikab.go.id/sidika/vendor/codeigniter4/framework/system/CodeIgniter.php(318): CodeIgniter\CodeIgniter->handleRequest()
#7 /var/www/vhosts/e-pokir.kedirikab.go.id/sidika.e-pokir.kedirikab.go.id/index.php(38): CodeIgniter\CodeIgniter->run()
#8 {main}
CRITICAL - 2022-11-01 23:37:16 --> Invalid file: Myth\Auth\Views\loginview.php
#0 /var/www/vhosts/e-pokir.kedirikab.go.id/sidika/vendor/codeigniter4/framework/system/View/View.php(198): CodeIgniter\Exceptions\FrameworkException::forInvalidFile()
#1 /var/www/vhosts/e-pokir.kedirikab.go.id/sidika/vendor/codeigniter4/framework/system/Common.php(1097): CodeIgniter\View\View->render()
#2 /var/www/vhosts/e-pokir.kedirikab.go.id/sidika/vendor/myth/auth/src/Controllers/AuthController.php(402): view()
#3 /var/www/vhosts/e-pokir.kedirikab.go.id/sidika/vendor/myth/auth/src/Controllers/AuthController.php(58): Myth\Auth\Controllers\AuthController->_render()
#4 /var/www/vhosts/e-pokir.kedirikab.go.id/sidika/vendor/codeigniter4/framework/system/CodeIgniter.php(824): Myth\Auth\Controllers\AuthController->login()
#5 /var/www/vhosts/e-pokir.kedirikab.go.id/sidika/vendor/codeigniter4/framework/system/CodeIgniter.php(410): CodeIgniter\CodeIgniter->runController()
#6 /var/www/vhosts/e-pokir.kedirikab.go.id/sidika/vendor/codeigniter4/framework/system/CodeIgniter.php(318): CodeIgniter\CodeIgniter->handleRequest()
#7 /var/www/vhosts/e-pokir.kedirikab.go.id/sidika.e-pokir.kedirikab.go.id/index.php(38): CodeIgniter\CodeIgniter->run()
#8 {main}
CRITICAL - 2022-11-01 23:37:23 --> Invalid file: Myth\Auth\Views\loginview.php
#0 /var/www/vhosts/e-pokir.kedirikab.go.id/sidika/vendor/codeigniter4/framework/system/View/View.php(198): CodeIgniter\Exceptions\FrameworkException::forInvalidFile()
#1 /var/www/vhosts/e-pokir.kedirikab.go.id/sidika/vendor/codeigniter4/framework/system/Common.php(1097): CodeIgniter\View\View->render()
#2 /var/www/vhosts/e-pokir.kedirikab.go.id/sidika/vendor/myth/auth/src/Controllers/AuthController.php(402): view()
#3 /var/www/vhosts/e-pokir.kedirikab.go.id/sidika/vendor/myth/auth/src/Controllers/AuthController.php(58): Myth\Auth\Controllers\AuthController->_render()
#4 /var/www/vhosts/e-pokir.kedirikab.go.id/sidika/vendor/codeigniter4/framework/system/CodeIgniter.php(824): Myth\Auth\Controllers\AuthController->login()
#5 /var/www/vhosts/e-pokir.kedirikab.go.id/sidika/vendor/codeigniter4/framework/system/CodeIgniter.php(410): CodeIgniter\CodeIgniter->runController()
#6 /var/www/vhosts/e-pokir.kedirikab.go.id/sidika/vendor/codeigniter4/framework/system/CodeIgniter.php(318): CodeIgniter\CodeIgniter->handleRequest()
#7 /var/www/vhosts/e-pokir.kedirikab.go.id/sidika.e-pokir.kedirikab.go.id/index.php(38): CodeIgniter\CodeIgniter->run()
#8 {main}
CRITICAL - 2022-11-01 23:37:24 --> Invalid file: Myth\Auth\Views\loginview.php
#0 /var/www/vhosts/e-pokir.kedirikab.go.id/sidika/vendor/codeigniter4/framework/system/View/View.php(198): CodeIgniter\Exceptions\FrameworkException::forInvalidFile()
#1 /var/www/vhosts/e-pokir.kedirikab.go.id/sidika/vendor/codeigniter4/framework/system/Common.php(1097): CodeIgniter\View\View->render()
#2 /var/www/vhosts/e-pokir.kedirikab.go.id/sidika/vendor/myth/auth/src/Controllers/AuthController.php(402): view()
#3 /var/www/vhosts/e-pokir.kedirikab.go.id/sidika/vendor/myth/auth/src/Controllers/AuthController.php(58): Myth\Auth\Controllers\AuthController->_render()
#4 /var/www/vhosts/e-pokir.kedirikab.go.id/sidika/vendor/codeigniter4/framework/system/CodeIgniter.php(824): Myth\Auth\Controllers\AuthController->login()
#5 /var/www/vhosts/e-pokir.kedirikab.go.id/sidika/vendor/codeigniter4/framework/system/CodeIgniter.php(410): CodeIgniter\CodeIgniter->runController()
#6 /var/www/vhosts/e-pokir.kedirikab.go.id/sidika/vendor/codeigniter4/framework/system/CodeIgniter.php(318): CodeIgniter\CodeIgniter->handleRequest()
#7 /var/www/vhosts/e-pokir.kedirikab.go.id/sidika.e-pokir.kedirikab.go.id/index.php(38): CodeIgniter\CodeIgniter->run()
#8 {main}
